DEBUG:PyQt5.uic.uiparser:uiname is MainWindow
DEBUG:PyQt5.uic.uiparser:toplevel widget is QMainWindow
DEBUG:PyQt5.uic.properties:setting property geometry
DEBUG:PyQt5.uic.properties:setting property windowTitle
DEBUG:PyQt5.uic.uiparser:push QMainWindow MainWindow
DEBUG:PyQt5.uic.uiparser:push QWidget centralwidget
DEBUG:PyQt5.uic.uiparser:push QVBoxLayout verticalLayout
DEBUG:PyQt5.uic.properties:setting property sizePolicy
DEBUG:PyQt5.uic.properties:setting property font
DEBUG:PyQt5.uic.properties:setting property text
DEBUG:PyQt5.uic.uiparser:push QLabel labelStatus
DEBUG:PyQt5.uic.uiparser:pop widget QLabel labelStatus
DEBUG:PyQt5.uic.uiparser:new topwidget <PyQt5.QtWidgets.QWidget object at 0xb0fb79b8>
DEBUG:PyQt5.uic.properties:setting property sizePolicy
DEBUG:PyQt5.uic.properties:setting property currentIndex
DEBUG:PyQt5.uic.uiparser:push QTabWidget tabWidget
DEBUG:PyQt5.uic.uiparser:push QWidget tabMessanger
DEBUG:PyQt5.uic.uiparser:push QVBoxLayout verticalLayout_4
DEBUG:PyQt5.uic.properties:setting property sizePolicy
DEBUG:PyQt5.uic.properties:setting property orientation
DEBUG:PyQt5.uic.uiparser:push QSplitter splitterV
DEBUG:PyQt5.uic.properties:setting property orientation
DEBUG:PyQt5.uic.uiparser:push QSplitter splitterH
DEBUG:PyQt5.uic.properties:setting property minimumSize
DEBUG:PyQt5.uic.properties:setting property title
DEBUG:PyQt5.uic.uiparser:push QGroupBox groupBoxOnline
DEBUG:PyQt5.uic.uiparser:push QVBoxLayout verticalLayout_3
DEBUG:PyQt5.uic.properties:setting property minimumSize
DEBUG:PyQt5.uic.properties:setting property baseSize
DEBUG:PyQt5.uic.uiparser:push QTableView tableViewOnline
DEBUG:PyQt5.uic.uiparser:pop widget QTableView tableViewOnline
DEBUG:PyQt5.uic.uiparser:new topwidget <PyQt5.QtWidgets.QGroupBox object at 0xa84fb268>
DEBUG:PyQt5.uic.uiparser:pop layout QVBoxLayout verticalLayout_3
DEBUG:PyQt5.uic.uiparser:pop widget QGroupBox groupBoxOnline
DEBUG:PyQt5.uic.uiparser:new topwidget <PyQt5.QtWidgets.QSplitter object at 0xa84fb220>
DEBUG:PyQt5.uic.properties:setting property sizePolicy
DEBUG:PyQt5.uic.properties:setting property title
DEBUG:PyQt5.uic.uiparser:push QGroupBox groupBox_2
DEBUG:PyQt5.uic.uiparser:push QVBoxLayout verticalLayout_2
DEBUG:PyQt5.uic.properties:setting property minimumSize
DEBUG:PyQt5.uic.properties:setting property maximumSize
DEBUG:PyQt5.uic.properties:setting property font
DEBUG:PyQt5.uic.properties:setting property currentIndex
DEBUG:PyQt5.uic.uiparser:push QTabWidget tabWidgetMessages
DEBUG:PyQt5.uic.uiparser:push QWidget tabBroadcast
DEBUG:PyQt5.uic.uiparser:push QVBoxLayout verticalLayout_14
DEBUG:PyQt5.uic.uiparser:push QVBoxLayout verticalLayout_13
DEBUG:PyQt5.uic.properties:setting property maximumSize
DEBUG:PyQt5.uic.properties:setting property font
DEBUG:PyQt5.uic.uiparser:push QTextEdit textEditBC
DEBUG:PyQt5.uic.uiparser:pop widget QTextEdit textEditBC
DEBUG:PyQt5.uic.uiparser:new topwidget <PyQt5.QtWidgets.QWidget object at 0xa84fb418>
DEBUG:PyQt5.uic.uiparser:push QHBoxLayout horizontalLayout_2
DEBUG:PyQt5.uic.properties:setting property minimumSize
DEBUG:PyQt5.uic.properties:setting property text
DEBUG:PyQt5.uic.uiparser:push QPushButton pushButtonBC
DEBUG:PyQt5.uic.uiparser:pop widget QPushButton pushButtonBC
DEBUG:PyQt5.uic.uiparser:new topwidget <PyQt5.QtWidgets.QWidget object at 0xa84fb418>
DEBUG:PyQt5.uic.uiparser:pop layout QHBoxLayout horizontalLayout_2
DEBUG:PyQt5.uic.uiparser:pop layout QVBoxLayout verticalLayout_13
DEBUG:PyQt5.uic.uiparser:pop layout QVBoxLayout verticalLayout_14
DEBUG:PyQt5.uic.uiparser:pop widget QWidget tabBroadcast
DEBUG:PyQt5.uic.uiparser:new topwidget <PyQt5.QtWidgets.QTabWidget object at 0xa84fb3d0>
DEBUG:PyQt5.uic.uiparser:push QWidget tabCQ
DEBUG:PyQt5.uic.uiparser:push QVBoxLayout verticalLayout_15
DEBUG:PyQt5.uic.properties:setting property maximumSize
DEBUG:PyQt5.uic.properties:setting property font
DEBUG:PyQt5.uic.uiparser:push QTextEdit textEditCQ
DEBUG:PyQt5.uic.uiparser:pop widget QTextEdit textEditCQ
DEBUG:PyQt5.uic.uiparser:new topwidget <PyQt5.QtWidgets.QWidget object at 0xa84fb808>
DEBUG:PyQt5.uic.uiparser:push QHBoxLayout horizontalLayout_8
DEBUG:PyQt5.uic.properties:setting property minimumSize
DEBUG:PyQt5.uic.properties:setting property text
DEBUG:PyQt5.uic.uiparser:push QPushButton pushButtonCQ
DEBUG:PyQt5.uic.uiparser:pop widget QPushButton pushButtonCQ
DEBUG:PyQt5.uic.uiparser:new topwidget <PyQt5.QtWidgets.QWidget object at 0xa84fb808>
DEBUG:PyQt5.uic.uiparser:pop layout QHBoxLayout horizontalLayout_8
DEBUG:PyQt5.uic.uiparser:pop layout QVBoxLayout verticalLayout_15
DEBUG:PyQt5.uic.uiparser:pop widget QWidget tabCQ
DEBUG:PyQt5.uic.uiparser:new topwidget <PyQt5.QtWidgets.QTabWidget object at 0xa84fb3d0>
DEBUG:PyQt5.uic.uiparser:push QWidget tab
DEBUG:PyQt5.uic.uiparser:push QVBoxLayout verticalLayout_17
DEBUG:PyQt5.uic.uiparser:push QVBoxLayout verticalLayout_16
DEBUG:PyQt5.uic.uiparser:push QHBoxLayout horizontalLayout_7
DEBUG:PyQt5.uic.uiparser:push QComboBox comboBoxGroup
DEBUG:PyQt5.uic.uiparser:pop widget QComboBox comboBoxGroup
DEBUG:PyQt5.uic.uiparser:new topwidget <PyQt5.QtWidgets.QWidget object at 0xa84fba00>
DEBUG:PyQt5.uic.properties:setting property minimumSize
DEBUG:PyQt5.uic.properties:setting property maximumSize
DEBUG:PyQt5.uic.properties:setting property text
DEBUG:PyQt5.uic.uiparser:push QPushButton pushButtonDeleteGroup
DEBUG:PyQt5.uic.uiparser:pop widget QPushButton pushButtonDeleteGroup
DEBUG:PyQt5.uic.uiparser:new topwidget <PyQt5.QtWidgets.QWidget object at 0xa84fba00>
DEBUG:PyQt5.uic.uiparser:pop layout QHBoxLayout horizontalLayout_7
DEBUG:PyQt5.uic.properties:setting property maximumSize
DEBUG:PyQt5.uic.properties:setting property font
DEBUG:PyQt5.uic.uiparser:push QTextEdit textEditGC
DEBUG:PyQt5.uic.uiparser:pop widget QTextEdit textEditGC
DEBUG:PyQt5.uic.uiparser:new topwidget <PyQt5.QtWidgets.QWidget object at 0xa84fba00>
DEBUG:PyQt5.uic.uiparser:pop layout QVBoxLayout verticalLayout_16
DEBUG:PyQt5.uic.uiparser:push QHBoxLayout horizontalLayout_9
DEBUG:PyQt5.uic.properties:setting property minimumSize
DEBUG:PyQt5.uic.properties:setting property text
DEBUG:PyQt5.uic.uiparser:push QPushButton pushButtonGC
DEBUG:PyQt5.uic.uiparser:pop widget QPushButton pushButtonGC
DEBUG:PyQt5.uic.uiparser:new topwidget <PyQt5.QtWidgets.QWidget object at 0xa84fba00>
DEBUG:PyQt5.uic.uiparser:pop layout QHBoxLayout horizontalLayout_9
DEBUG:PyQt5.uic.uiparser:pop layout QVBoxLayout verticalLayout_17
DEBUG:PyQt5.uic.uiparser:pop widget QWidget tab
DEBUG:PyQt5.uic.uiparser:new topwidget <PyQt5.QtWidgets.QTabWidget object at 0xa84fb3d0>
DEBUG:PyQt5.uic.uiparser:push QWidget tab_2
DEBUG:PyQt5.uic.uiparser:push QVBoxLayout verticalLayout_19
DEBUG:PyQt5.uic.uiparser:push QVBoxLayout verticalLayout_18
DEBUG:PyQt5.uic.uiparser:push QComboBox comboBoxPrivateCalls
DEBUG:PyQt5.uic.uiparser:pop widget QComboBox comboBoxPrivateCalls
DEBUG:PyQt5.uic.uiparser:new topwidget <PyQt5.QtWidgets.QWidget object at 0xa84fbd18>
DEBUG:PyQt5.uic.properties:setting property maximumSize
DEBUG:PyQt5.uic.properties:setting property font
DEBUG:PyQt5.uic.uiparser:push QTextEdit textEditPC
DEBUG:PyQt5.uic.uiparser:pop widget QTextEdit textEditPC
DEBUG:PyQt5.uic.uiparser:new topwidget <PyQt5.QtWidgets.QWidget object at 0xa84fbd18>
DEBUG:PyQt5.uic.uiparser:push QHBoxLayout horizontalLayout_10
DEBUG:PyQt5.uic.properties:setting property minimumSize
DEBUG:PyQt5.uic.properties:setting property text
DEBUG:PyQt5.uic.uiparser:push QPushButton pushButtonPC
DEBUG:PyQt5.uic.uiparser:pop widget QPushButton pushButtonPC
DEBUG:PyQt5.uic.uiparser:new topwidget <PyQt5.QtWidgets.QWidget object at 0xa84fbd18>
DEBUG:PyQt5.uic.uiparser:pop layout QHBoxLayout horizontalLayout_10
DEBUG:PyQt5.uic.uiparser:pop layout QVBoxLayout verticalLayout_18
DEBUG:PyQt5.uic.uiparser:pop layout QVBoxLayout verticalLayout_19
DEBUG:PyQt5.uic.uiparser:pop widget QWidget tab_2
DEBUG:PyQt5.uic.uiparser:new topwidget <PyQt5.QtWidgets.QTabWidget object at 0xa84fb3d0>
DEBUG:PyQt5.uic.uiparser:push QWidget tab_3
DEBUG:PyQt5.uic.uiparser:push QVBoxLayout verticalLayout_20
DEBUG:PyQt5.uic.properties:setting property maximumSize
DEBUG:PyQt5.uic.properties:setting property font
DEBUG:PyQt5.uic.uiparser:push QTextEdit textEditEC
DEBUG:PyQt5.uic.uiparser:pop widget QTextEdit textEditEC
DEBUG:PyQt5.uic.uiparser:new topwidget <PyQt5.QtWidgets.QWidget object at 0xa84fbfa0>
DEBUG:PyQt5.uic.uiparser:push QHBoxLayout horizontalLayout_11
DEBUG:PyQt5.uic.properties:setting property minimumSize
DEBUG:PyQt5.uic.properties:setting property font
DEBUG:PyQt5.uic.properties:setting property text
DEBUG:PyQt5.uic.uiparser:push QPushButton pushButtonEC
DEBUG:PyQt5.uic.uiparser:pop widget QPushButton pushButtonEC
DEBUG:PyQt5.uic.uiparser:new topwidget <PyQt5.QtWidgets.QWidget object at 0xa84fbfa0>
DEBUG:PyQt5.uic.uiparser:pop layout QHBoxLayout horizontalLayout_11
DEBUG:PyQt5.uic.uiparser:pop layout QVBoxLayout verticalLayout_20
DEBUG:PyQt5.uic.uiparser:pop widget QWidget tab_3
DEBUG:PyQt5.uic.uiparser:new topwidget <PyQt5.QtWidgets.QTabWidget object at 0xa84fb3d0>
DEBUG:PyQt5.uic.uiparser:pop widget QTabWidget tabWidgetMessages
DEBUG:PyQt5.uic.uiparser:new topwidget <PyQt5.QtWidgets.QGroupBox object at 0xa84fb340>
DEBUG:PyQt5.uic.uiparser:pop layout QVBoxLayout verticalLayout_2
DEBUG:PyQt5.uic.uiparser:pop widget QGroupBox groupBox_2
DEBUG:PyQt5.uic.uiparser:new topwidget <PyQt5.QtWidgets.QSplitter object at 0xa84fb220>
DEBUG:PyQt5.uic.uiparser:pop widget QSplitter splitterH
DEBUG:PyQt5.uic.uiparser:new topwidget <PyQt5.QtWidgets.QSplitter object at 0xa84fb0b8>
DEBUG:PyQt5.uic.properties:setting property title
DEBUG:PyQt5.uic.uiparser:push QGroupBox groupBox_3
DEBUG:PyQt5.uic.uiparser:push QVBoxLayout verticalLayout_7
DEBUG:PyQt5.uic.properties:setting property enabled
DEBUG:PyQt5.uic.properties:setting property sizePolicy
DEBUG:PyQt5.uic.uiparser:push QTableWidget tableWidgetHistory
DEBUG:PyQt5.uic.uiparser:pop widget QTableWidget tableWidgetHistory
DEBUG:PyQt5.uic.uiparser:new topwidget <PyQt5.QtWidgets.QGroupBox object at 0xa84a11d8>
DEBUG:PyQt5.uic.uiparser:pop layout QVBoxLayout verticalLayout_7
DEBUG:PyQt5.uic.uiparser:pop widget QGroupBox groupBox_3
DEBUG:PyQt5.uic.uiparser:new topwidget <PyQt5.QtWidgets.QSplitter object at 0xa84fb0b8>
DEBUG:PyQt5.uic.uiparser:pop widget QSplitter splitterV
DEBUG:PyQt5.uic.uiparser:new topwidget <PyQt5.QtWidgets.QWidget object at 0xa84fb028>
DEBUG:PyQt5.uic.uiparser:pop layout QVBoxLayout verticalLayout_4
DEBUG:PyQt5.uic.uiparser:pop widget QWidget tabMessanger
DEBUG:PyQt5.uic.uiparser:new topwidget <PyQt5.QtWidgets.QTabWidget object at 0xb0fb7fa0>
DEBUG:PyQt5.uic.uiparser:push QWidget tabJoinGroup
DEBUG:PyQt5.uic.uiparser:push QVBoxLayout verticalLayout_5
DEBUG:PyQt5.uic.properties:setting property title
DEBUG:PyQt5.uic.uiparser:push QGroupBox groupBox_4
DEBUG:PyQt5.uic.uiparser:push QVBoxLayout verticalLayout_6
DEBUG:PyQt5.uic.uiparser:push QTableView tableView
DEBUG:PyQt5.uic.uiparser:pop widget QTableView tableView
DEBUG:PyQt5.uic.uiparser:new topwidget <PyQt5.QtWidgets.QGroupBox object at 0xa84a1340>
DEBUG:PyQt5.uic.uiparser:pop layout QVBoxLayout verticalLayout_6
DEBUG:PyQt5.uic.uiparser:pop widget QGroupBox groupBox_4
DEBUG:PyQt5.uic.uiparser:new topwidget <PyQt5.QtWidgets.QWidget object at 0xa84a12b0>
DEBUG:PyQt5.uic.uiparser:pop layout QVBoxLayout verticalLayout_5
DEBUG:PyQt5.uic.uiparser:pop widget QWidget tabJoinGroup
DEBUG:PyQt5.uic.uiparser:new topwidget <PyQt5.QtWidgets.QTabWidget object at 0xb0fb7fa0>
DEBUG:PyQt5.uic.uiparser:push QWidget tabLog
DEBUG:PyQt5.uic.uiparser:push QVBoxLayout verticalLayout_9
DEBUG:PyQt5.uic.uiparser:push QVBoxLayout verticalLayout_8
DEBUG:PyQt5.uic.properties:setting property minimumSize
DEBUG:PyQt5.uic.properties:setting property maximumSize
DEBUG:PyQt5.uic.properties:setting property title
DEBUG:PyQt5.uic.uiparser:push QGroupBox groupBox_5
DEBUG:PyQt5.uic.properties:setting property geometry
DEBUG:PyQt5.uic.properties:setting property dateTime
DEBUG:PyQt5.uic.properties:setting property displayFormat
DEBUG:PyQt5.uic.properties:setting property calendarPopup
DEBUG:PyQt5.uic.uiparser:push QDateTimeEdit dateTimeEdit
DEBUG:PyQt5.uic.uiparser:pop widget QDateTimeEdit dateTimeEdit
DEBUG:PyQt5.uic.uiparser:new topwidget <PyQt5.QtWidgets.QGroupBox object at 0xa84a14f0>
DEBUG:PyQt5.uic.uiparser:pop widget QGroupBox groupBox_5
DEBUG:PyQt5.uic.uiparser:new topwidget <PyQt5.QtWidgets.QWidget object at 0xa84a1418>
DEBUG:PyQt5.uic.properties:setting property title
DEBUG:PyQt5.uic.uiparser:push QGroupBox groupBox
DEBUG:PyQt5.uic.uiparser:push QVBoxLayout verticalLayout_10
DEBUG:PyQt5.uic.properties:setting property autoFillBackground
DEBUG:PyQt5.uic.properties:setting property columnCount
DEBUG:PyQt5.uic.uiparser:push QTableWidget tableWidget_Log
DEBUG:PyQt5.uic.uiparser:pop widget QTableWidget tableWidget_Log
DEBUG:PyQt5.uic.uiparser:new topwidget <PyQt5.QtWidgets.QGroupBox object at 0xa84a1580>
DEBUG:PyQt5.uic.uiparser:pop layout QVBoxLayout verticalLayout_10
DEBUG:PyQt5.uic.uiparser:pop widget QGroupBox groupBox
DEBUG:PyQt5.uic.uiparser:new topwidget <PyQt5.QtWidgets.QWidget object at 0xa84a1418>
DEBUG:PyQt5.uic.uiparser:pop layout QVBoxLayout verticalLayout_8
DEBUG:PyQt5.uic.uiparser:pop layout QVBoxLayout verticalLayout_9
DEBUG:PyQt5.uic.uiparser:pop widget QWidget tabLog
DEBUG:PyQt5.uic.uiparser:new topwidget <PyQt5.QtWidgets.QTabWidget object at 0xb0fb7fa0>
DEBUG:PyQt5.uic.uiparser:push QWidget tabSetup
DEBUG:PyQt5.uic.uiparser:push QVBoxLayout verticalLayout_11
DEBUG:PyQt5.uic.properties:setting property sizeConstraint
DEBUG:PyQt5.uic.properties:setting property fieldGrowthPolicy
DEBUG:PyQt5.uic.uiparser:push QFormLayout formLayout_2
DEBUG:PyQt5.uic.properties:setting property sizePolicy
DEBUG:PyQt5.uic.properties:setting property text
DEBUG:PyQt5.uic.uiparser:push QLabel label
DEBUG:PyQt5.uic.uiparser:pop widget QLabel label
DEBUG:PyQt5.uic.uiparser:new topwidget <PyQt5.QtWidgets.QWidget object at 0xa84a16e8>
DEBUG:PyQt5.uic.properties:setting property text
DEBUG:PyQt5.uic.uiparser:push QLabel label_2
DEBUG:PyQt5.uic.uiparser:pop widget QLabel label_2
DEBUG:PyQt5.uic.uiparser:new topwidget <PyQt5.QtWidgets.QWidget object at 0xa84a16e8>
DEBUG:PyQt5.uic.properties:setting property sizePolicy
DEBUG:PyQt5.uic.properties:setting property minimumSize
DEBUG:PyQt5.uic.properties:setting property sizeIncrement
DEBUG:PyQt5.uic.properties:setting property baseSize
DEBUG:PyQt5.uic.uiparser:push QLineEdit lineEditCall
DEBUG:PyQt5.uic.uiparser:pop widget QLineEdit lineEditCall
DEBUG:PyQt5.uic.uiparser:new topwidget <PyQt5.QtWidgets.QWidget object at 0xa84a16e8>
DEBUG:PyQt5.uic.properties:setting property sizePolicy
DEBUG:PyQt5.uic.properties:setting property minimumSize
DEBUG:PyQt5.uic.properties:setting property baseSize
DEBUG:PyQt5.uic.uiparser:push QLineEdit lineEditName
DEBUG:PyQt5.uic.uiparser:pop widget QLineEdit lineEditName
DEBUG:PyQt5.uic.uiparser:new topwidget <PyQt5.QtWidgets.QWidget object at 0xa84a16e8>
DEBUG:PyQt5.uic.properties:setting property text
DEBUG:PyQt5.uic.uiparser:push QLabel label_3
DEBUG:PyQt5.uic.uiparser:pop widget QLabel label_3
DEBUG:PyQt5.uic.uiparser:new topwidget <PyQt5.QtWidgets.QWidget object at 0xa84a16e8>
DEBUG:PyQt5.uic.properties:setting property enabled
DEBUG:PyQt5.uic.properties:setting property text
DEBUG:PyQt5.uic.uiparser:push QLabel label_4
DEBUG:PyQt5.uic.uiparser:pop widget QLabel label_4
DEBUG:PyQt5.uic.uiparser:new topwidget <PyQt5.QtWidgets.QWidget object at 0xa84a16e8>
DEBUG:PyQt5.uic.properties:setting property text
DEBUG:PyQt5.uic.uiparser:push QLabel label_5
DEBUG:PyQt5.uic.uiparser:pop widget QLabel label_5
DEBUG:PyQt5.uic.uiparser:new topwidget <PyQt5.QtWidgets.QWidget object at 0xa84a16e8>
DEBUG:PyQt5.uic.properties:setting property text
DEBUG:PyQt5.uic.uiparser:push QLabel label_6
DEBUG:PyQt5.uic.uiparser:pop widget QLabel label_6
DEBUG:PyQt5.uic.uiparser:new topwidget <PyQt5.QtWidgets.QWidget object at 0xa84a16e8>
DEBUG:PyQt5.uic.properties:setting property text
DEBUG:PyQt5.uic.uiparser:push QLabel label_7
DEBUG:PyQt5.uic.uiparser:pop widget QLabel label_7
DEBUG:PyQt5.uic.uiparser:new topwidget <PyQt5.QtWidgets.QWidget object at 0xa84a16e8>
DEBUG:PyQt5.uic.properties:setting property text
DEBUG:PyQt5.uic.uiparser:push QLabel label_8
DEBUG:PyQt5.uic.uiparser:pop widget QLabel label_8
DEBUG:PyQt5.uic.uiparser:new topwidget <PyQt5.QtWidgets.QWidget object at 0xa84a16e8>
DEBUG:PyQt5.uic.properties:setting property text
DEBUG:PyQt5.uic.uiparser:push QLabel label_9
DEBUG:PyQt5.uic.uiparser:pop widget QLabel label_9
DEBUG:PyQt5.uic.uiparser:new topwidget <PyQt5.QtWidgets.QWidget object at 0xa84a16e8>
DEBUG:PyQt5.uic.properties:setting property text
DEBUG:PyQt5.uic.uiparser:push QLabel label_10
DEBUG:PyQt5.uic.uiparser:pop widget QLabel label_10
DEBUG:PyQt5.uic.uiparser:new topwidget <PyQt5.QtWidgets.QWidget object at 0xa84a16e8>
DEBUG:PyQt5.uic.properties:setting property text
DEBUG:PyQt5.uic.uiparser:push QLabel label_11
DEBUG:PyQt5.uic.uiparser:pop widget QLabel label_11
DEBUG:PyQt5.uic.uiparser:new topwidget <PyQt5.QtWidgets.QWidget object at 0xa84a16e8>
DEBUG:PyQt5.uic.properties:setting property text
DEBUG:PyQt5.uic.uiparser:push QLabel label_12
DEBUG:PyQt5.uic.uiparser:pop widget QLabel label_12
DEBUG:PyQt5.uic.uiparser:new topwidget <PyQt5.QtWidgets.QWidget object at 0xa84a16e8>
DEBUG:PyQt5.uic.properties:setting property text
DEBUG:PyQt5.uic.uiparser:push QLabel label_13
DEBUG:PyQt5.uic.uiparser:pop widget QLabel label_13
DEBUG:PyQt5.uic.uiparser:new topwidget <PyQt5.QtWidgets.QWidget object at 0xa84a16e8>
DEBUG:PyQt5.uic.properties:setting property text
DEBUG:PyQt5.uic.uiparser:push QLabel label_14
DEBUG:PyQt5.uic.uiparser:pop widget QLabel label_14
DEBUG:PyQt5.uic.uiparser:new topwidget <PyQt5.QtWidgets.QWidget object at 0xa84a16e8>
DEBUG:PyQt5.uic.properties:setting property text
DEBUG:PyQt5.uic.uiparser:push QLabel label_15
DEBUG:PyQt5.uic.uiparser:pop widget QLabel label_15
DEBUG:PyQt5.uic.uiparser:new topwidget <PyQt5.QtWidgets.QWidget object at 0xa84a16e8>
DEBUG:PyQt5.uic.properties:setting property enabled
DEBUG:PyQt5.uic.properties:setting property text
DEBUG:PyQt5.uic.uiparser:push QLabel label_16
DEBUG:PyQt5.uic.uiparser:pop widget QLabel label_16
DEBUG:PyQt5.uic.uiparser:new topwidget <PyQt5.QtWidgets.QWidget object at 0xa84a16e8>
DEBUG:PyQt5.uic.properties:setting property text
DEBUG:PyQt5.uic.uiparser:push QLabel label_17
DEBUG:PyQt5.uic.uiparser:pop widget QLabel label_17
DEBUG:PyQt5.uic.uiparser:new topwidget <PyQt5.QtWidgets.QWidget object at 0xa84a16e8>
DEBUG:PyQt5.uic.properties:setting property text
DEBUG:PyQt5.uic.uiparser:push QLabel label_18
DEBUG:PyQt5.uic.uiparser:pop widget QLabel label_18
DEBUG:PyQt5.uic.uiparser:new topwidget <PyQt5.QtWidgets.QWidget object at 0xa84a16e8>
DEBUG:PyQt5.uic.properties:setting property sizePolicy
DEBUG:PyQt5.uic.properties:setting property minimumSize
DEBUG:PyQt5.uic.properties:setting property baseSize
DEBUG:PyQt5.uic.uiparser:push QLineEdit lineEditQTH
DEBUG:PyQt5.uic.uiparser:pop widget QLineEdit lineEditQTH
DEBUG:PyQt5.uic.uiparser:new topwidget <PyQt5.QtWidgets.QWidget object at 0xa84a16e8>
DEBUG:PyQt5.uic.properties:setting property enabled
DEBUG:PyQt5.uic.properties:setting property sizePolicy
DEBUG:PyQt5.uic.properties:setting property minimumSize
DEBUG:PyQt5.uic.properties:setting property baseSize
DEBUG:PyQt5.uic.uiparser:push QLineEdit lineEditLocator
DEBUG:PyQt5.uic.uiparser:pop widget QLineEdit lineEditLocator
DEBUG:PyQt5.uic.uiparser:new topwidget <PyQt5.QtWidgets.QWidget object at 0xa84a16e8>
DEBUG:PyQt5.uic.properties:setting property enabled
DEBUG:PyQt5.uic.properties:setting property sizePolicy
DEBUG:PyQt5.uic.properties:setting property minimumSize
DEBUG:PyQt5.uic.properties:setting property baseSize
DEBUG:PyQt5.uic.uiparser:push QLineEdit lineEditRIG1
DEBUG:PyQt5.uic.uiparser:pop widget QLineEdit lineEditRIG1
DEBUG:PyQt5.uic.uiparser:new topwidget <PyQt5.QtWidgets.QWidget object at 0xa84a16e8>
DEBUG:PyQt5.uic.properties:setting property enabled
DEBUG:PyQt5.uic.properties:setting property sizePolicy
DEBUG:PyQt5.uic.properties:setting property minimumSize
DEBUG:PyQt5.uic.properties:setting property baseSize
DEBUG:PyQt5.uic.uiparser:push QLineEdit lineEditRIG2
DEBUG:PyQt5.uic.uiparser:pop widget QLineEdit lineEditRIG2
DEBUG:PyQt5.uic.uiparser:new topwidget <PyQt5.QtWidgets.QWidget object at 0xa84a16e8>
DEBUG:PyQt5.uic.properties:setting property enabled
DEBUG:PyQt5.uic.properties:setting property sizePolicy
DEBUG:PyQt5.uic.properties:setting property minimumSize
DEBUG:PyQt5.uic.properties:setting property baseSize
DEBUG:PyQt5.uic.uiparser:push QLineEdit lineEditQRG1
DEBUG:PyQt5.uic.uiparser:pop widget QLineEdit lineEditQRG1
DEBUG:PyQt5.uic.uiparser:new topwidget <PyQt5.QtWidgets.QWidget object at 0xa84a16e8>
DEBUG:PyQt5.uic.properties:setting property enabled
DEBUG:PyQt5.uic.properties:setting property text
DEBUG:PyQt5.uic.uiparser:push QCheckBox checkBox
DEBUG:PyQt5.uic.uiparser:pop widget QCheckBox checkBox
DEBUG:PyQt5.uic.uiparser:new topwidget <PyQt5.QtWidgets.QWidget object at 0xa84a16e8>
DEBUG:PyQt5.uic.properties:setting property text
DEBUG:PyQt5.uic.uiparser:push QCheckBox checkBoxAlertTone
DEBUG:PyQt5.uic.uiparser:pop widget QCheckBox checkBoxAlertTone
DEBUG:PyQt5.uic.uiparser:new topwidget <PyQt5.QtWidgets.QWidget object at 0xa84a16e8>
DEBUG:PyQt5.uic.properties:setting property enabled
DEBUG:PyQt5.uic.properties:setting property sizePolicy
DEBUG:PyQt5.uic.properties:setting property minimumSize
DEBUG:PyQt5.uic.properties:setting property baseSize
DEBUG:PyQt5.uic.uiparser:push QLineEdit lineEditDapnetRIC
DEBUG:PyQt5.uic.uiparser:pop widget QLineEdit lineEditDapnetRIC
DEBUG:PyQt5.uic.uiparser:new topwidget <PyQt5.QtWidgets.QWidget object at 0xa84a16e8>
DEBUG:PyQt5.uic.properties:setting property enabled
DEBUG:PyQt5.uic.properties:setting property sizePolicy
DEBUG:PyQt5.uic.properties:setting property minimumSize
DEBUG:PyQt5.uic.properties:setting property baseSize
DEBUG:PyQt5.uic.uiparser:push QLineEdit lineEditDapnetPath
DEBUG:PyQt5.uic.uiparser:pop widget QLineEdit lineEditDapnetPath
DEBUG:PyQt5.uic.uiparser:new topwidget <PyQt5.QtWidgets.QWidget object at 0xa84a16e8>
DEBUG:PyQt5.uic.properties:setting property sizePolicy
DEBUG:PyQt5.uic.properties:setting property minimumSize
DEBUG:PyQt5.uic.properties:setting property baseSize
DEBUG:PyQt5.uic.uiparser:push QLineEdit lineEditServerIP
DEBUG:PyQt5.uic.uiparser:pop widget QLineEdit lineEditServerIP
DEBUG:PyQt5.uic.uiparser:new topwidget <PyQt5.QtWidgets.QWidget object at 0xa84a16e8>
DEBUG:PyQt5.uic.properties:setting property enabled
DEBUG:PyQt5.uic.properties:setting property sizePolicy
DEBUG:PyQt5.uic.properties:setting property minimumSize
DEBUG:PyQt5.uic.properties:setting property baseSize
DEBUG:PyQt5.uic.uiparser:push QLineEdit lineEditMubleIP
DEBUG:PyQt5.uic.uiparser:pop widget QLineEdit lineEditMubleIP
DEBUG:PyQt5.uic.uiparser:new topwidget <PyQt5.QtWidgets.QWidget object at 0xa84a16e8>
DEBUG:PyQt5.uic.properties:setting property enabled
DEBUG:PyQt5.uic.properties:setting property sizePolicy
DEBUG:PyQt5.uic.properties:setting property minimumSize
DEBUG:PyQt5.uic.properties:setting property baseSize
DEBUG:PyQt5.uic.uiparser:push QLineEdit lineEditTeamTalk
DEBUG:PyQt5.uic.uiparser:pop widget QLineEdit lineEditTeamTalk
DEBUG:PyQt5.uic.uiparser:new topwidget <PyQt5.QtWidgets.QWidget object at 0xa84a16e8>
DEBUG:PyQt5.uic.properties:setting property enabled
DEBUG:PyQt5.uic.properties:setting property sizePolicy
DEBUG:PyQt5.uic.properties:setting property minimumSize
DEBUG:PyQt5.uic.properties:setting property baseSize
DEBUG:PyQt5.uic.uiparser:push QLineEdit lineEditRIG3
DEBUG:PyQt5.uic.uiparser:pop widget QLineEdit lineEditRIG3
DEBUG:PyQt5.uic.uiparser:new topwidget <PyQt5.QtWidgets.QWidget object at 0xa84a16e8>
DEBUG:PyQt5.uic.properties:setting property enabled
DEBUG:PyQt5.uic.properties:setting property sizePolicy
DEBUG:PyQt5.uic.properties:setting property minimumSize
DEBUG:PyQt5.uic.properties:setting property baseSize
DEBUG:PyQt5.uic.uiparser:push QLineEdit lineEditQRG2
DEBUG:PyQt5.uic.uiparser:pop widget QLineEdit lineEditQRG2
DEBUG:PyQt5.uic.uiparser:new topwidget <PyQt5.QtWidgets.QWidget object at 0xa84a16e8>
DEBUG:PyQt5.uic.properties:setting property enabled
DEBUG:PyQt5.uic.properties:setting property sizePolicy
DEBUG:PyQt5.uic.properties:setting property minimumSize
DEBUG:PyQt5.uic.properties:setting property baseSize
DEBUG:PyQt5.uic.uiparser:push QLineEdit lineEditQRG3
DEBUG:PyQt5.uic.uiparser:pop widget QLineEdit lineEditQRG3
DEBUG:PyQt5.uic.uiparser:new topwidget <PyQt5.QtWidgets.QWidget object at 0xa84a16e8>
DEBUG:PyQt5.uic.properties:setting property text
DEBUG:PyQt5.uic.uiparser:push QLabel label_19
DEBUG:PyQt5.uic.uiparser:pop widget QLabel label_19
DEBUG:PyQt5.uic.uiparser:new topwidget <PyQt5.QtWidgets.QWidget object at 0xa84a16e8>
DEBUG:PyQt5.uic.properties:setting property sizePolicy
DEBUG:PyQt5.uic.properties:setting property minimumSize
DEBUG:PyQt5.uic.properties:setting property baseSize
DEBUG:PyQt5.uic.uiparser:push QLineEdit lineEditHamnetIP
DEBUG:PyQt5.uic.uiparser:pop widget QLineEdit lineEditHamnetIP
DEBUG:PyQt5.uic.uiparser:new topwidget <PyQt5.QtWidgets.QWidget object at 0xa84a16e8>
DEBUG:PyQt5.uic.properties:setting property text
DEBUG:PyQt5.uic.uiparser:push QLabel label_20
DEBUG:PyQt5.uic.uiparser:pop widget QLabel label_20
DEBUG:PyQt5.uic.uiparser:new topwidget <PyQt5.QtWidgets.QWidget object at 0xa84a16e8>
DEBUG:PyQt5.uic.properties:setting property sizePolicy
DEBUG:PyQt5.uic.properties:setting property minimumSize
DEBUG:PyQt5.uic.properties:setting property maximumSize
DEBUG:PyQt5.uic.properties:setting property baseSize
DEBUG:PyQt5.uic.uiparser:push QComboBox comboBoxGuiStyle
DEBUG:PyQt5.uic.uiparser:pop widget QComboBox comboBoxGuiStyle
DEBUG:PyQt5.uic.uiparser:new topwidget <PyQt5.QtWidgets.QWidget object at 0xa84a16e8>
DEBUG:PyQt5.uic.properties:setting property text
DEBUG:PyQt5.uic.uiparser:push QLabel label_33
DEBUG:PyQt5.uic.uiparser:pop widget QLabel label_33
DEBUG:PyQt5.uic.uiparser:new topwidget <PyQt5.QtWidgets.QWidget object at 0xa84a16e8>
DEBUG:PyQt5.uic.properties:setting property text
DEBUG:PyQt5.uic.uiparser:push QLabel label_34
DEBUG:PyQt5.uic.uiparser:pop widget QLabel label_34
DEBUG:PyQt5.uic.uiparser:new topwidget <PyQt5.QtWidgets.QWidget object at 0xa84a16e8>
DEBUG:PyQt5.uic.properties:setting property text
DEBUG:PyQt5.uic.uiparser:push QLabel labelAppPath
DEBUG:PyQt5.uic.uiparser:pop widget QLabel labelAppPath
DEBUG:PyQt5.uic.uiparser:new topwidget <PyQt5.QtWidgets.QWidget object at 0xa84a16e8>
DEBUG:PyQt5.uic.properties:setting property text
DEBUG:PyQt5.uic.uiparser:push QLabel labelAppDataPath
DEBUG:PyQt5.uic.uiparser:pop widget QLabel labelAppDataPath
DEBUG:PyQt5.uic.uiparser:new topwidget <PyQt5.QtWidgets.QWidget object at 0xa84a16e8>
DEBUG:PyQt5.uic.properties:setting property text
DEBUG:PyQt5.uic.uiparser:push QLabel labelLogPath
DEBUG:PyQt5.uic.uiparser:pop widget QLabel labelLogPath
DEBUG:PyQt5.uic.uiparser:new topwidget <PyQt5.QtWidgets.QWidget object at 0xa84a16e8>
DEBUG:PyQt5.uic.properties:setting property text
DEBUG:PyQt5.uic.uiparser:push QPushButton pushButtonTone
DEBUG:PyQt5.uic.uiparser:pop widget QPushButton pushButtonTone
DEBUG:PyQt5.uic.uiparser:new topwidget <PyQt5.QtWidgets.QWidget object at 0xa84a16e8>
DEBUG:PyQt5.uic.uiparser:pop layout QFormLayout formLayout_2
DEBUG:PyQt5.uic.properties:setting property baseSize
DEBUG:PyQt5.uic.properties:setting property font
DEBUG:PyQt5.uic.properties:setting property text
DEBUG:PyQt5.uic.uiparser:push QLabel labelSaveState
DEBUG:PyQt5.uic.uiparser:pop widget QLabel labelSaveState
DEBUG:PyQt5.uic.uiparser:new topwidget <PyQt5.QtWidgets.QWidget object at 0xa84a16e8>
DEBUG:PyQt5.uic.properties:setting property frameShape
DEBUG:PyQt5.uic.properties:setting property frameShadow
DEBUG:PyQt5.uic.uiparser:push QFrame frame_2
DEBUG:PyQt5.uic.uiparser:push QHBoxLayout horizontalLayout
DEBUG:PyQt5.uic.properties:setting property text
DEBUG:PyQt5.uic.uiparser:push QPushButton pushButtonSave
DEBUG:PyQt5.uic.uiparser:pop widget QPushButton pushButtonSave
DEBUG:PyQt5.uic.uiparser:new topwidget <PyQt5.QtWidgets.QFrame object at 0xa84a94f0>
DEBUG:PyQt5.uic.uiparser:pop layout QHBoxLayout horizontalLayout
DEBUG:PyQt5.uic.uiparser:pop widget QFrame frame_2
DEBUG:PyQt5.uic.uiparser:new topwidget <PyQt5.QtWidgets.QWidget object at 0xa84a16e8>
DEBUG:PyQt5.uic.uiparser:pop layout QVBoxLayout verticalLayout_11
DEBUG:PyQt5.uic.uiparser:pop widget QWidget tabSetup
DEBUG:PyQt5.uic.uiparser:new topwidget <PyQt5.QtWidgets.QTabWidget object at 0xb0fb7fa0>
DEBUG:PyQt5.uic.uiparser:push QWidget tabAbout
DEBUG:PyQt5.uic.properties:setting property geometry
DEBUG:PyQt5.uic.properties:setting property font
DEBUG:PyQt5.uic.properties:setting property text
DEBUG:PyQt5.uic.uiparser:push QLabel labelVersion
DEBUG:PyQt5.uic.uiparser:pop widget QLabel labelVersion
DEBUG:PyQt5.uic.uiparser:new topwidget <PyQt5.QtWidgets.QWidget object at 0xa84a9658>
DEBUG:PyQt5.uic.properties:setting property geometry
DEBUG:PyQt5.uic.properties:setting property text
DEBUG:PyQt5.uic.properties:setting property pixmap
DEBUG:PyQt5.uic.uiparser:push QLabel labelRaute
DEBUG:PyQt5.uic.uiparser:pop widget QLabel labelRaute
DEBUG:PyQt5.uic.uiparser:new topwidget <PyQt5.QtWidgets.QWidget object at 0xa84a9658>
DEBUG:PyQt5.uic.properties:setting property geometry
DEBUG:PyQt5.uic.properties:setting property font
DEBUG:PyQt5.uic.properties:setting property text
DEBUG:PyQt5.uic.uiparser:push QLabel label_22
DEBUG:PyQt5.uic.uiparser:pop widget QLabel label_22
DEBUG:PyQt5.uic.uiparser:new topwidget <PyQt5.QtWidgets.QWidget object at 0xa84a9658>
DEBUG:PyQt5.uic.properties:setting property geometry
DEBUG:PyQt5.uic.properties:setting property font
DEBUG:PyQt5.uic.properties:setting property text
DEBUG:PyQt5.uic.uiparser:push QLabel label_23
DEBUG:PyQt5.uic.uiparser:pop widget QLabel label_23
DEBUG:PyQt5.uic.uiparser:new topwidget <PyQt5.QtWidgets.QWidget object at 0xa84a9658>
DEBUG:PyQt5.uic.properties:setting property geometry
DEBUG:PyQt5.uic.properties:setting property font
DEBUG:PyQt5.uic.properties:setting property text
DEBUG:PyQt5.uic.uiparser:push QLabel label_24
DEBUG:PyQt5.uic.uiparser:pop widget QLabel label_24
DEBUG:PyQt5.uic.uiparser:new topwidget <PyQt5.QtWidgets.QWidget object at 0xa84a9658>
DEBUG:PyQt5.uic.properties:setting property geometry
DEBUG:PyQt5.uic.properties:setting property font
DEBUG:PyQt5.uic.properties:setting property text
DEBUG:PyQt5.uic.uiparser:push QLabel label_25
DEBUG:PyQt5.uic.uiparser:pop widget QLabel label_25
DEBUG:PyQt5.uic.uiparser:new topwidget <PyQt5.QtWidgets.QWidget object at 0xa84a9658>
DEBUG:PyQt5.uic.properties:setting property geometry
DEBUG:PyQt5.uic.properties:setting property font
DEBUG:PyQt5.uic.properties:setting property text
DEBUG:PyQt5.uic.uiparser:push QLabel label_26
DEBUG:PyQt5.uic.uiparser:pop widget QLabel label_26
DEBUG:PyQt5.uic.uiparser:new topwidget <PyQt5.QtWidgets.QWidget object at 0xa84a9658>
DEBUG:PyQt5.uic.properties:setting property geometry
DEBUG:PyQt5.uic.properties:setting property font
DEBUG:PyQt5.uic.properties:setting property text
DEBUG:PyQt5.uic.uiparser:push QLabel label_27
DEBUG:PyQt5.uic.uiparser:pop widget QLabel label_27
DEBUG:PyQt5.uic.uiparser:new topwidget <PyQt5.QtWidgets.QWidget object at 0xa84a9658>
DEBUG:PyQt5.uic.properties:setting property geometry
DEBUG:PyQt5.uic.properties:setting property font
DEBUG:PyQt5.uic.properties:setting property text
DEBUG:PyQt5.uic.properties:setting property textFormat
DEBUG:PyQt5.uic.properties:setting property openExternalLinks
DEBUG:PyQt5.uic.uiparser:push QLabel label_30
DEBUG:PyQt5.uic.uiparser:pop widget QLabel label_30
DEBUG:PyQt5.uic.uiparser:new topwidget <PyQt5.QtWidgets.QWidget object at 0xa84a9658>
DEBUG:PyQt5.uic.properties:setting property geometry
DEBUG:PyQt5.uic.properties:setting property font
DEBUG:PyQt5.uic.properties:setting property text
DEBUG:PyQt5.uic.uiparser:push QLabel label_31
DEBUG:PyQt5.uic.uiparser:pop widget QLabel label_31
DEBUG:PyQt5.uic.uiparser:new topwidget <PyQt5.QtWidgets.QWidget object at 0xa84a9658>
DEBUG:PyQt5.uic.properties:setting property geometry
DEBUG:PyQt5.uic.properties:setting property font
DEBUG:PyQt5.uic.properties:setting property text
DEBUG:PyQt5.uic.properties:setting property openExternalLinks
DEBUG:PyQt5.uic.uiparser:push QLabel label_28
DEBUG:PyQt5.uic.uiparser:pop widget QLabel label_28
DEBUG:PyQt5.uic.uiparser:new topwidget <PyQt5.QtWidgets.QWidget object at 0xa84a9658>
DEBUG:PyQt5.uic.properties:setting property geometry
DEBUG:PyQt5.uic.properties:setting property font
DEBUG:PyQt5.uic.properties:setting property text
DEBUG:PyQt5.uic.properties:setting property openExternalLinks
DEBUG:PyQt5.uic.uiparser:push QLabel label_29
DEBUG:PyQt5.uic.uiparser:pop widget QLabel label_29
DEBUG:PyQt5.uic.uiparser:new topwidget <PyQt5.QtWidgets.QWidget object at 0xa84a9658>
DEBUG:PyQt5.uic.properties:setting property geometry
DEBUG:PyQt5.uic.properties:setting property font
DEBUG:PyQt5.uic.properties:setting property text
DEBUG:PyQt5.uic.uiparser:push QLabel label_32
DEBUG:PyQt5.uic.uiparser:pop widget QLabel label_32
DEBUG:PyQt5.uic.uiparser:new topwidget <PyQt5.QtWidgets.QWidget object at 0xa84a9658>
DEBUG:PyQt5.uic.properties:setting property geometry
DEBUG:PyQt5.uic.properties:setting property font
DEBUG:PyQt5.uic.properties:setting property text
DEBUG:PyQt5.uic.properties:setting property openExternalLinks
DEBUG:PyQt5.uic.uiparser:push QLabel label_21
DEBUG:PyQt5.uic.uiparser:pop widget QLabel label_21
DEBUG:PyQt5.uic.uiparser:new topwidget <PyQt5.QtWidgets.QWidget object at 0xa84a9658>
DEBUG:PyQt5.uic.uiparser:pop widget QWidget tabAbout
DEBUG:PyQt5.uic.uiparser:new topwidget <PyQt5.QtWidgets.QTabWidget object at 0xb0fb7fa0>
DEBUG:PyQt5.uic.uiparser:pop widget QTabWidget tabWidget
DEBUG:PyQt5.uic.uiparser:new topwidget <PyQt5.QtWidgets.QWidget object at 0xb0fb79b8>
DEBUG:PyQt5.uic.uiparser:pop layout QVBoxLayout verticalLayout
DEBUG:PyQt5.uic.uiparser:pop widget QWidget centralwidget
DEBUG:PyQt5.uic.uiparser:new topwidget <PyQt5.QtWidgets.QMainWindow object at 0xb0fb7268>
DEBUG:PyQt5.uic.properties:setting property geometry
DEBUG:PyQt5.uic.uiparser:push QMenuBar menubar
DEBUG:PyQt5.uic.uiparser:pop widget QMenuBar menubar
DEBUG:PyQt5.uic.uiparser:new topwidget <PyQt5.QtWidgets.QMainWindow object at 0xb0fb7268>
DEBUG:PyQt5.uic.uiparser:push QStatusBar statusbar
DEBUG:PyQt5.uic.uiparser:pop widget QStatusBar statusbar
DEBUG:PyQt5.uic.uiparser:new topwidget <PyQt5.QtWidgets.QMainWindow object at 0xb0fb7268>
DEBUG:PyQt5.uic.uiparser:pop widget QMainWindow MainWindow
DEBUG:PyQt5.uic.uiparser:new topwidget None
DEBUG:qdarkstyle:Reading QSS file in: :qdarkstyle/dark/style.qss
INFO:qdarkstyle:QSS file sucessfuly loaded.
DEBUG:qdarkstyle:Checking patches for being applied.
INFO:qdarkstyle:Found version patches to be applied.
INFO:qdarkstyle:Found application patches to be applied.
DEBUG:PyQt5.uic.uiparser:uiname is Dialog
DEBUG:PyQt5.uic.uiparser:toplevel widget is QDialog
DEBUG:PyQt5.uic.properties:setting property geometry
DEBUG:PyQt5.uic.properties:setting property windowTitle
DEBUG:PyQt5.uic.uiparser:push QDialog Dialog
DEBUG:PyQt5.uic.uiparser:push QVBoxLayout verticalLayout
DEBUG:PyQt5.uic.uiparser:push QFormLayout formLayout
DEBUG:PyQt5.uic.properties:setting property text
DEBUG:PyQt5.uic.uiparser:push QLabel label
DEBUG:PyQt5.uic.uiparser:pop widget QLabel label
DEBUG:PyQt5.uic.uiparser:new topwidget <PyQt5.QtWidgets.QDialog object at 0xa84da220>
DEBUG:PyQt5.uic.uiparser:push QLineEdit lineEditGroupDesc
DEBUG:PyQt5.uic.uiparser:pop widget QLineEdit lineEditGroupDesc
DEBUG:PyQt5.uic.uiparser:new topwidget <PyQt5.QtWidgets.QDialog object at 0xa84da220>
DEBUG:PyQt5.uic.properties:setting property text
DEBUG:PyQt5.uic.uiparser:push QLabel label_2
DEBUG:PyQt5.uic.uiparser:pop widget QLabel label_2
DEBUG:PyQt5.uic.uiparser:new topwidget <PyQt5.QtWidgets.QDialog object at 0xa84da220>
DEBUG:PyQt5.uic.uiparser:push QLineEdit lineEditGroupID
DEBUG:PyQt5.uic.uiparser:pop widget QLineEdit lineEditGroupID
DEBUG:PyQt5.uic.uiparser:new topwidget <PyQt5.QtWidgets.QDialog object at 0xa84da220>
DEBUG:PyQt5.uic.uiparser:pop layout QFormLayout formLayout
DEBUG:PyQt5.uic.properties:setting property orientation
DEBUG:PyQt5.uic.properties:setting property standardButtons
DEBUG:PyQt5.uic.uiparser:push QDialogButtonBox buttonBox
DEBUG:PyQt5.uic.uiparser:pop widget QDialogButtonBox buttonBox
DEBUG:PyQt5.uic.uiparser:new topwidget <PyQt5.QtWidgets.QDialog object at 0xa84da220>
DEBUG:PyQt5.uic.uiparser:pop layout QVBoxLayout verticalLayout
DEBUG:PyQt5.uic.uiparser:pop widget QDialog Dialog
DEBUG:PyQt5.uic.uiparser:new topwidget None
DEBUG:PyQt5.uic.uiparser:uiname is MainWindow
DEBUG:PyQt5.uic.uiparser:toplevel widget is QMainWindow
DEBUG:PyQt5.uic.properties:setting property geometry
DEBUG:PyQt5.uic.properties:setting property windowTitle
DEBUG:PyQt5.uic.uiparser:push QMainWindow MainWindow
DEBUG:PyQt5.uic.uiparser:push QWidget centralwidget
DEBUG:PyQt5.uic.uiparser:push QVBoxLayout verticalLayout
DEBUG:PyQt5.uic.properties:setting property sizePolicy
DEBUG:PyQt5.uic.properties:setting property font
DEBUG:PyQt5.uic.properties:setting property text
DEBUG:PyQt5.uic.uiparser:push QLabel labelStatus
DEBUG:PyQt5.uic.uiparser:pop widget QLabel labelStatus
DEBUG:PyQt5.uic.uiparser:new topwidget <PyQt5.QtWidgets.QWidget object at 0xb0e9ec88>
DEBUG:PyQt5.uic.properties:setting property sizePolicy
DEBUG:PyQt5.uic.properties:setting property currentIndex
DEBUG:PyQt5.uic.uiparser:push QTabWidget tabWidget
DEBUG:PyQt5.uic.uiparser:push QWidget tabMessanger
DEBUG:PyQt5.uic.uiparser:push QVBoxLayout verticalLayout_4
DEBUG:PyQt5.uic.properties:setting property sizePolicy
DEBUG:PyQt5.uic.properties:setting property orientation
DEBUG:PyQt5.uic.uiparser:push QSplitter splitterV
DEBUG:PyQt5.uic.properties:setting property orientation
DEBUG:PyQt5.uic.uiparser:push QSplitter splitterH
DEBUG:PyQt5.uic.properties:setting property minimumSize
DEBUG:PyQt5.uic.properties:setting property title
DEBUG:PyQt5.uic.uiparser:push QGroupBox groupBoxOnline
DEBUG:PyQt5.uic.uiparser:push QVBoxLayout verticalLayout_3
DEBUG:PyQt5.uic.properties:setting property minimumSize
DEBUG:PyQt5.uic.properties:setting property baseSize
DEBUG:PyQt5.uic.uiparser:push QTableView tableViewOnline
DEBUG:PyQt5.uic.uiparser:pop widget QTableView tableViewOnline
DEBUG:PyQt5.uic.uiparser:new topwidget <PyQt5.QtWidgets.QGroupBox object at 0xa849e538>
DEBUG:PyQt5.uic.uiparser:pop layout QVBoxLayout verticalLayout_3
DEBUG:PyQt5.uic.uiparser:pop widget QGroupBox groupBoxOnline
DEBUG:PyQt5.uic.uiparser:new topwidget <PyQt5.QtWidgets.QSplitter object at 0xa849e4f0>
DEBUG:PyQt5.uic.properties:setting property sizePolicy
DEBUG:PyQt5.uic.properties:setting property title
DEBUG:PyQt5.uic.uiparser:push QGroupBox groupBox_2
DEBUG:PyQt5.uic.uiparser:push QVBoxLayout verticalLayout_2
DEBUG:PyQt5.uic.properties:setting property minimumSize
DEBUG:PyQt5.uic.properties:setting property maximumSize
DEBUG:PyQt5.uic.properties:setting property font
DEBUG:PyQt5.uic.properties:setting property currentIndex
DEBUG:PyQt5.uic.uiparser:push QTabWidget tabWidgetMessages
DEBUG:PyQt5.uic.uiparser:push QWidget tabBroadcast
DEBUG:PyQt5.uic.uiparser:push QVBoxLayout verticalLayout_14
DEBUG:PyQt5.uic.uiparser:push QVBoxLayout verticalLayout_13
DEBUG:PyQt5.uic.properties:setting property maximumSize
DEBUG:PyQt5.uic.properties:setting property font
DEBUG:PyQt5.uic.uiparser:push QTextEdit textEditBC
DEBUG:PyQt5.uic.uiparser:pop widget QTextEdit textEditBC
DEBUG:PyQt5.uic.uiparser:new topwidget <PyQt5.QtWidgets.QWidget object at 0xa849e6e8>
DEBUG:PyQt5.uic.uiparser:push QHBoxLayout horizontalLayout_2
DEBUG:PyQt5.uic.properties:setting property minimumSize
DEBUG:PyQt5.uic.properties:setting property text
DEBUG:PyQt5.uic.uiparser:push QPushButton pushButtonBC
DEBUG:PyQt5.uic.uiparser:pop widget QPushButton pushButtonBC
DEBUG:PyQt5.uic.uiparser:new topwidget <PyQt5.QtWidgets.QWidget object at 0xa849e6e8>
DEBUG:PyQt5.uic.uiparser:pop layout QHBoxLayout horizontalLayout_2
DEBUG:PyQt5.uic.uiparser:pop layout QVBoxLayout verticalLayout_13
DEBUG:PyQt5.uic.uiparser:pop layout QVBoxLayout verticalLayout_14
DEBUG:PyQt5.uic.uiparser:pop widget QWidget tabBroadcast
DEBUG:PyQt5.uic.uiparser:new topwidget <PyQt5.QtWidgets.QTabWidget object at 0xa849e6a0>
DEBUG:PyQt5.uic.uiparser:push QWidget tabCQ
DEBUG:PyQt5.uic.uiparser:push QVBoxLayout verticalLayout_15
DEBUG:PyQt5.uic.properties:setting property maximumSize
DEBUG:PyQt5.uic.properties:setting property font
DEBUG:PyQt5.uic.uiparser:push QTextEdit textEditCQ
DEBUG:PyQt5.uic.uiparser:pop widget QTextEdit textEditCQ
DEBUG:PyQt5.uic.uiparser:new topwidget <PyQt5.QtWidgets.QWidget object at 0xa849ead8>
DEBUG:PyQt5.uic.uiparser:push QHBoxLayout horizontalLayout_8
DEBUG:PyQt5.uic.properties:setting property minimumSize
DEBUG:PyQt5.uic.properties:setting property text
DEBUG:PyQt5.uic.uiparser:push QPushButton pushButtonCQ
DEBUG:PyQt5.uic.uiparser:pop widget QPushButton pushButtonCQ
DEBUG:PyQt5.uic.uiparser:new topwidget <PyQt5.QtWidgets.QWidget object at 0xa849ead8>
DEBUG:PyQt5.uic.uiparser:pop layout QHBoxLayout horizontalLayout_8
DEBUG:PyQt5.uic.uiparser:pop layout QVBoxLayout verticalLayout_15
DEBUG:PyQt5.uic.uiparser:pop widget QWidget tabCQ
DEBUG:PyQt5.uic.uiparser:new topwidget <PyQt5.QtWidgets.QTabWidget object at 0xa849e6a0>
DEBUG:PyQt5.uic.uiparser:push QWidget tab
DEBUG:PyQt5.uic.uiparser:push QVBoxLayout verticalLayout_17
DEBUG:PyQt5.uic.uiparser:push QVBoxLayout verticalLayout_16
DEBUG:PyQt5.uic.uiparser:push QHBoxLayout horizontalLayout_7
DEBUG:PyQt5.uic.uiparser:push QComboBox comboBoxGroup
DEBUG:PyQt5.uic.uiparser:pop widget QComboBox comboBoxGroup
DEBUG:PyQt5.uic.uiparser:new topwidget <PyQt5.QtWidgets.QWidget object at 0xa849ecd0>
DEBUG:PyQt5.uic.properties:setting property minimumSize
DEBUG:PyQt5.uic.properties:setting property maximumSize
DEBUG:PyQt5.uic.properties:setting property text
DEBUG:PyQt5.uic.uiparser:push QPushButton pushButtonDeleteGroup
DEBUG:PyQt5.uic.uiparser:pop widget QPushButton pushButtonDeleteGroup
DEBUG:PyQt5.uic.uiparser:new topwidget <PyQt5.QtWidgets.QWidget object at 0xa849ecd0>
DEBUG:PyQt5.uic.uiparser:pop layout QHBoxLayout horizontalLayout_7
DEBUG:PyQt5.uic.properties:setting property maximumSize
DEBUG:PyQt5.uic.properties:setting property font
DEBUG:PyQt5.uic.uiparser:push QTextEdit textEditGC
DEBUG:PyQt5.uic.uiparser:pop widget QTextEdit textEditGC
DEBUG:PyQt5.uic.uiparser:new topwidget <PyQt5.QtWidgets.QWidget object at 0xa849ecd0>
DEBUG:PyQt5.uic.uiparser:pop layout QVBoxLayout verticalLayout_16
DEBUG:PyQt5.uic.uiparser:push QHBoxLayout horizontalLayout_9
DEBUG:PyQt5.uic.properties:setting property minimumSize
DEBUG:PyQt5.uic.properties:setting property text
DEBUG:PyQt5.uic.uiparser:push QPushButton pushButtonGC
DEBUG:PyQt5.uic.uiparser:pop widget QPushButton pushButtonGC
DEBUG:PyQt5.uic.uiparser:new topwidget <PyQt5.QtWidgets.QWidget object at 0xa849ecd0>
DEBUG:PyQt5.uic.uiparser:pop layout QHBoxLayout horizontalLayout_9
DEBUG:PyQt5.uic.uiparser:pop layout QVBoxLayout verticalLayout_17
DEBUG:PyQt5.uic.uiparser:pop widget QWidget tab
DEBUG:PyQt5.uic.uiparser:new topwidget <PyQt5.QtWidgets.QTabWidget object at 0xa849e6a0>
DEBUG:PyQt5.uic.uiparser:push QWidget tab_2
DEBUG:PyQt5.uic.uiparser:push QVBoxLayout verticalLayout_19
DEBUG:PyQt5.uic.uiparser:push QVBoxLayout verticalLayout_18
DEBUG:PyQt5.uic.uiparser:push QComboBox comboBoxPrivateCalls
DEBUG:PyQt5.uic.uiparser:pop widget QComboBox comboBoxPrivateCalls
DEBUG:PyQt5.uic.uiparser:new topwidget <PyQt5.QtWidgets.QWidget object at 0xa8445028>
DEBUG:PyQt5.uic.properties:setting property maximumSize
DEBUG:PyQt5.uic.properties:setting property font
DEBUG:PyQt5.uic.uiparser:push QTextEdit textEditPC
DEBUG:PyQt5.uic.uiparser:pop widget QTextEdit textEditPC
DEBUG:PyQt5.uic.uiparser:new topwidget <PyQt5.QtWidgets.QWidget object at 0xa8445028>
DEBUG:PyQt5.uic.uiparser:push QHBoxLayout horizontalLayout_10
DEBUG:PyQt5.uic.properties:setting property minimumSize
DEBUG:PyQt5.uic.properties:setting property text
DEBUG:PyQt5.uic.uiparser:push QPushButton pushButtonPC
DEBUG:PyQt5.uic.uiparser:pop widget QPushButton pushButtonPC
DEBUG:PyQt5.uic.uiparser:new topwidget <PyQt5.QtWidgets.QWidget object at 0xa8445028>
DEBUG:PyQt5.uic.uiparser:pop layout QHBoxLayout horizontalLayout_10
DEBUG:PyQt5.uic.uiparser:pop layout QVBoxLayout verticalLayout_18
DEBUG:PyQt5.uic.uiparser:pop layout QVBoxLayout verticalLayout_19
DEBUG:PyQt5.uic.uiparser:pop widget QWidget tab_2
DEBUG:PyQt5.uic.uiparser:new topwidget <PyQt5.QtWidgets.QTabWidget object at 0xa849e6a0>
DEBUG:PyQt5.uic.uiparser:push QWidget tab_3
DEBUG:PyQt5.uic.uiparser:push QVBoxLayout verticalLayout_20
DEBUG:PyQt5.uic.properties:setting property maximumSize
DEBUG:PyQt5.uic.properties:setting property font
DEBUG:PyQt5.uic.uiparser:push QTextEdit textEditEC
DEBUG:PyQt5.uic.uiparser:pop widget QTextEdit textEditEC
DEBUG:PyQt5.uic.uiparser:new topwidget <PyQt5.QtWidgets.QWidget object at 0xa84452b0>
DEBUG:PyQt5.uic.uiparser:push QHBoxLayout horizontalLayout_11
DEBUG:PyQt5.uic.properties:setting property minimumSize
DEBUG:PyQt5.uic.properties:setting property font
DEBUG:PyQt5.uic.properties:setting property text
DEBUG:PyQt5.uic.uiparser:push QPushButton pushButtonEC
DEBUG:PyQt5.uic.uiparser:pop widget QPushButton pushButtonEC
DEBUG:PyQt5.uic.uiparser:new topwidget <PyQt5.QtWidgets.QWidget object at 0xa84452b0>
DEBUG:PyQt5.uic.uiparser:pop layout QHBoxLayout horizontalLayout_11
DEBUG:PyQt5.uic.uiparser:pop layout QVBoxLayout verticalLayout_20
DEBUG:PyQt5.uic.uiparser:pop widget QWidget tab_3
DEBUG:PyQt5.uic.uiparser:new topwidget <PyQt5.QtWidgets.QTabWidget object at 0xa849e6a0>
DEBUG:PyQt5.uic.uiparser:pop widget QTabWidget tabWidgetMessages
DEBUG:PyQt5.uic.uiparser:new topwidget <PyQt5.QtWidgets.QGroupBox object at 0xa849e610>
DEBUG:PyQt5.uic.uiparser:pop layout QVBoxLayout verticalLayout_2
DEBUG:PyQt5.uic.uiparser:pop widget QGroupBox groupBox_2
DEBUG:PyQt5.uic.uiparser:new topwidget <PyQt5.QtWidgets.QSplitter object at 0xa849e4f0>
DEBUG:PyQt5.uic.uiparser:pop widget QSplitter splitterH
DEBUG:PyQt5.uic.uiparser:new topwidget <PyQt5.QtWidgets.QSplitter object at 0xa849e388>
DEBUG:PyQt5.uic.properties:setting property title
DEBUG:PyQt5.uic.uiparser:push QGroupBox groupBox_3
DEBUG:PyQt5.uic.uiparser:push QVBoxLayout verticalLayout_7
DEBUG:PyQt5.uic.properties:setting property enabled
DEBUG:PyQt5.uic.properties:setting property sizePolicy
DEBUG:PyQt5.uic.uiparser:push QTableWidget tableWidgetHistory
DEBUG:PyQt5.uic.uiparser:pop widget QTableWidget tableWidgetHistory
DEBUG:PyQt5.uic.uiparser:new topwidget <PyQt5.QtWidgets.QGroupBox object at 0xa84454a8>
DEBUG:PyQt5.uic.uiparser:pop layout QVBoxLayout verticalLayout_7
DEBUG:PyQt5.uic.uiparser:pop widget QGroupBox groupBox_3
DEBUG:PyQt5.uic.uiparser:new topwidget <PyQt5.QtWidgets.QSplitter object at 0xa849e388>
DEBUG:PyQt5.uic.uiparser:pop widget QSplitter splitterV
DEBUG:PyQt5.uic.uiparser:new topwidget <PyQt5.QtWidgets.QWidget object at 0xa849e2f8>
DEBUG:PyQt5.uic.uiparser:pop layout QVBoxLayout verticalLayout_4
DEBUG:PyQt5.uic.uiparser:pop widget QWidget tabMessanger
DEBUG:PyQt5.uic.uiparser:new topwidget <PyQt5.QtWidgets.QTabWidget object at 0xa849e2b0>
DEBUG:PyQt5.uic.uiparser:push QWidget tabJoinGroup
DEBUG:PyQt5.uic.uiparser:push QVBoxLayout verticalLayout_5
DEBUG:PyQt5.uic.properties:setting property title
DEBUG:PyQt5.uic.uiparser:push QGroupBox groupBox_4
DEBUG:PyQt5.uic.uiparser:push QVBoxLayout verticalLayout_6
DEBUG:PyQt5.uic.uiparser:push QTableView tableView
DEBUG:PyQt5.uic.uiparser:pop widget QTableView tableView
DEBUG:PyQt5.uic.uiparser:new topwidget <PyQt5.QtWidgets.QGroupBox object at 0xa8445610>
DEBUG:PyQt5.uic.uiparser:pop layout QVBoxLayout verticalLayout_6
DEBUG:PyQt5.uic.uiparser:pop widget QGroupBox groupBox_4
DEBUG:PyQt5.uic.uiparser:new topwidget <PyQt5.QtWidgets.QWidget object at 0xa8445580>
DEBUG:PyQt5.uic.uiparser:pop layout QVBoxLayout verticalLayout_5
DEBUG:PyQt5.uic.uiparser:pop widget QWidget tabJoinGroup
DEBUG:PyQt5.uic.uiparser:new topwidget <PyQt5.QtWidgets.QTabWidget object at 0xa849e2b0>
DEBUG:PyQt5.uic.uiparser:push QWidget tabLog
DEBUG:PyQt5.uic.uiparser:push QVBoxLayout verticalLayout_9
DEBUG:PyQt5.uic.uiparser:push QVBoxLayout verticalLayout_8
DEBUG:PyQt5.uic.properties:setting property minimumSize
DEBUG:PyQt5.uic.properties:setting property maximumSize
DEBUG:PyQt5.uic.properties:setting property title
DEBUG:PyQt5.uic.uiparser:push QGroupBox groupBox_5
DEBUG:PyQt5.uic.properties:setting property geometry
DEBUG:PyQt5.uic.properties:setting property dateTime
DEBUG:PyQt5.uic.properties:setting property displayFormat
DEBUG:PyQt5.uic.properties:setting property calendarPopup
DEBUG:PyQt5.uic.uiparser:push QDateTimeEdit dateTimeEdit
DEBUG:PyQt5.uic.uiparser:pop widget QDateTimeEdit dateTimeEdit
DEBUG:PyQt5.uic.uiparser:new topwidget <PyQt5.QtWidgets.QGroupBox object at 0xa84457c0>
DEBUG:PyQt5.uic.uiparser:pop widget QGroupBox groupBox_5
DEBUG:PyQt5.uic.uiparser:new topwidget <PyQt5.QtWidgets.QWidget object at 0xa84456e8>
DEBUG:PyQt5.uic.properties:setting property title
DEBUG:PyQt5.uic.uiparser:push QGroupBox groupBox
DEBUG:PyQt5.uic.uiparser:push QVBoxLayout verticalLayout_10
DEBUG:PyQt5.uic.properties:setting property autoFillBackground
DEBUG:PyQt5.uic.properties:setting property columnCount
DEBUG:PyQt5.uic.uiparser:push QTableWidget tableWidget_Log
DEBUG:PyQt5.uic.uiparser:pop widget QTableWidget tableWidget_Log
DEBUG:PyQt5.uic.uiparser:new topwidget <PyQt5.QtWidgets.QGroupBox object at 0xa8445850>
DEBUG:PyQt5.uic.uiparser:pop layout QVBoxLayout verticalLayout_10
DEBUG:PyQt5.uic.uiparser:pop widget QGroupBox groupBox
DEBUG:PyQt5.uic.uiparser:new topwidget <PyQt5.QtWidgets.QWidget object at 0xa84456e8>
DEBUG:PyQt5.uic.uiparser:pop layout QVBoxLayout verticalLayout_8
DEBUG:PyQt5.uic.uiparser:pop layout QVBoxLayout verticalLayout_9
DEBUG:PyQt5.uic.uiparser:pop widget QWidget tabLog
DEBUG:PyQt5.uic.uiparser:new topwidget <PyQt5.QtWidgets.QTabWidget object at 0xa849e2b0>
DEBUG:PyQt5.uic.uiparser:push QWidget tabSetup
DEBUG:PyQt5.uic.uiparser:push QVBoxLayout verticalLayout_11
DEBUG:PyQt5.uic.properties:setting property sizeConstraint
DEBUG:PyQt5.uic.properties:setting property fieldGrowthPolicy
DEBUG:PyQt5.uic.uiparser:push QFormLayout formLayout_2
DEBUG:PyQt5.uic.properties:setting property sizePolicy
DEBUG:PyQt5.uic.properties:setting property text
DEBUG:PyQt5.uic.uiparser:push QLabel label
DEBUG:PyQt5.uic.uiparser:pop widget QLabel label
DEBUG:PyQt5.uic.uiparser:new topwidget <PyQt5.QtWidgets.QWidget object at 0xa84459b8>
DEBUG:PyQt5.uic.properties:setting property text
DEBUG:PyQt5.uic.uiparser:push QLabel label_2
DEBUG:PyQt5.uic.uiparser:pop widget QLabel label_2
DEBUG:PyQt5.uic.uiparser:new topwidget <PyQt5.QtWidgets.QWidget object at 0xa84459b8>
DEBUG:PyQt5.uic.properties:setting property sizePolicy
DEBUG:PyQt5.uic.properties:setting property minimumSize
DEBUG:PyQt5.uic.properties:setting property sizeIncrement
DEBUG:PyQt5.uic.properties:setting property baseSize
DEBUG:PyQt5.uic.uiparser:push QLineEdit lineEditCall
DEBUG:PyQt5.uic.uiparser:pop widget QLineEdit lineEditCall
DEBUG:PyQt5.uic.uiparser:new topwidget <PyQt5.QtWidgets.QWidget object at 0xa84459b8>
DEBUG:PyQt5.uic.properties:setting property sizePolicy
DEBUG:PyQt5.uic.properties:setting property minimumSize
DEBUG:PyQt5.uic.properties:setting property baseSize
DEBUG:PyQt5.uic.uiparser:push QLineEdit lineEditName
DEBUG:PyQt5.uic.uiparser:pop widget QLineEdit lineEditName
DEBUG:PyQt5.uic.uiparser:new topwidget <PyQt5.QtWidgets.QWidget object at 0xa84459b8>
DEBUG:PyQt5.uic.properties:setting property text
DEBUG:PyQt5.uic.uiparser:push QLabel label_3
DEBUG:PyQt5.uic.uiparser:pop widget QLabel label_3
DEBUG:PyQt5.uic.uiparser:new topwidget <PyQt5.QtWidgets.QWidget object at 0xa84459b8>
DEBUG:PyQt5.uic.properties:setting property enabled
DEBUG:PyQt5.uic.properties:setting property text
DEBUG:PyQt5.uic.uiparser:push QLabel label_4
DEBUG:PyQt5.uic.uiparser:pop widget QLabel label_4
DEBUG:PyQt5.uic.uiparser:new topwidget <PyQt5.QtWidgets.QWidget object at 0xa84459b8>
DEBUG:PyQt5.uic.properties:setting property text
DEBUG:PyQt5.uic.uiparser:push QLabel label_5
DEBUG:PyQt5.uic.uiparser:pop widget QLabel label_5
DEBUG:PyQt5.uic.uiparser:new topwidget <PyQt5.QtWidgets.QWidget object at 0xa84459b8>
DEBUG:PyQt5.uic.properties:setting property text
DEBUG:PyQt5.uic.uiparser:push QLabel label_6
DEBUG:PyQt5.uic.uiparser:pop widget QLabel label_6
DEBUG:PyQt5.uic.uiparser:new topwidget <PyQt5.QtWidgets.QWidget object at 0xa84459b8>
DEBUG:PyQt5.uic.properties:setting property text
DEBUG:PyQt5.uic.uiparser:push QLabel label_7
DEBUG:PyQt5.uic.uiparser:pop widget QLabel label_7
DEBUG:PyQt5.uic.uiparser:new topwidget <PyQt5.QtWidgets.QWidget object at 0xa84459b8>
DEBUG:PyQt5.uic.properties:setting property text
DEBUG:PyQt5.uic.uiparser:push QLabel label_8
DEBUG:PyQt5.uic.uiparser:pop widget QLabel label_8
DEBUG:PyQt5.uic.uiparser:new topwidget <PyQt5.QtWidgets.QWidget object at 0xa84459b8>
DEBUG:PyQt5.uic.properties:setting property text
DEBUG:PyQt5.uic.uiparser:push QLabel label_9
DEBUG:PyQt5.uic.uiparser:pop widget QLabel label_9
DEBUG:PyQt5.uic.uiparser:new topwidget <PyQt5.QtWidgets.QWidget object at 0xa84459b8>
DEBUG:PyQt5.uic.properties:setting property text
DEBUG:PyQt5.uic.uiparser:push QLabel label_10
DEBUG:PyQt5.uic.uiparser:pop widget QLabel label_10
DEBUG:PyQt5.uic.uiparser:new topwidget <PyQt5.QtWidgets.QWidget object at 0xa84459b8>
DEBUG:PyQt5.uic.properties:setting property text
DEBUG:PyQt5.uic.uiparser:push QLabel label_11
DEBUG:PyQt5.uic.uiparser:pop widget QLabel label_11
DEBUG:PyQt5.uic.uiparser:new topwidget <PyQt5.QtWidgets.QWidget object at 0xa84459b8>
DEBUG:PyQt5.uic.properties:setting property text
DEBUG:PyQt5.uic.uiparser:push QLabel label_12
DEBUG:PyQt5.uic.uiparser:pop widget QLabel label_12
DEBUG:PyQt5.uic.uiparser:new topwidget <PyQt5.QtWidgets.QWidget object at 0xa84459b8>
DEBUG:PyQt5.uic.properties:setting property text
DEBUG:PyQt5.uic.uiparser:push QLabel label_13
DEBUG:PyQt5.uic.uiparser:pop widget QLabel label_13
DEBUG:PyQt5.uic.uiparser:new topwidget <PyQt5.QtWidgets.QWidget object at 0xa84459b8>
DEBUG:PyQt5.uic.properties:setting property text
DEBUG:PyQt5.uic.uiparser:push QLabel label_14
DEBUG:PyQt5.uic.uiparser:pop widget QLabel label_14
DEBUG:PyQt5.uic.uiparser:new topwidget <PyQt5.QtWidgets.QWidget object at 0xa84459b8>
DEBUG:PyQt5.uic.properties:setting property text
DEBUG:PyQt5.uic.uiparser:push QLabel label_15
DEBUG:PyQt5.uic.uiparser:pop widget QLabel label_15
DEBUG:PyQt5.uic.uiparser:new topwidget <PyQt5.QtWidgets.QWidget object at 0xa84459b8>
DEBUG:PyQt5.uic.properties:setting property enabled
DEBUG:PyQt5.uic.properties:setting property text
DEBUG:PyQt5.uic.uiparser:push QLabel label_16
DEBUG:PyQt5.uic.uiparser:pop widget QLabel label_16
DEBUG:PyQt5.uic.uiparser:new topwidget <PyQt5.QtWidgets.QWidget object at 0xa84459b8>
DEBUG:PyQt5.uic.properties:setting property text
DEBUG:PyQt5.uic.uiparser:push QLabel label_17
DEBUG:PyQt5.uic.uiparser:pop widget QLabel label_17
DEBUG:PyQt5.uic.uiparser:new topwidget <PyQt5.QtWidgets.QWidget object at 0xa84459b8>
DEBUG:PyQt5.uic.properties:setting property text
DEBUG:PyQt5.uic.uiparser:push QLabel label_18
DEBUG:PyQt5.uic.uiparser:pop widget QLabel label_18
DEBUG:PyQt5.uic.uiparser:new topwidget <PyQt5.QtWidgets.QWidget object at 0xa84459b8>
DEBUG:PyQt5.uic.properties:setting property sizePolicy
DEBUG:PyQt5.uic.properties:setting property minimumSize
DEBUG:PyQt5.uic.properties:setting property baseSize
DEBUG:PyQt5.uic.uiparser:push QLineEdit lineEditQTH
DEBUG:PyQt5.uic.uiparser:pop widget QLineEdit lineEditQTH
DEBUG:PyQt5.uic.uiparser:new topwidget <PyQt5.QtWidgets.QWidget object at 0xa84459b8>
DEBUG:PyQt5.uic.properties:setting property enabled
DEBUG:PyQt5.uic.properties:setting property sizePolicy
DEBUG:PyQt5.uic.properties:setting property minimumSize
DEBUG:PyQt5.uic.properties:setting property baseSize
DEBUG:PyQt5.uic.uiparser:push QLineEdit lineEditLocator
DEBUG:PyQt5.uic.uiparser:pop widget QLineEdit lineEditLocator
DEBUG:PyQt5.uic.uiparser:new topwidget <PyQt5.QtWidgets.QWidget object at 0xa84459b8>
DEBUG:PyQt5.uic.properties:setting property enabled
DEBUG:PyQt5.uic.properties:setting property sizePolicy
DEBUG:PyQt5.uic.properties:setting property minimumSize
DEBUG:PyQt5.uic.properties:setting property baseSize
DEBUG:PyQt5.uic.uiparser:push QLineEdit lineEditRIG1
DEBUG:PyQt5.uic.uiparser:pop widget QLineEdit lineEditRIG1
DEBUG:PyQt5.uic.uiparser:new topwidget <PyQt5.QtWidgets.QWidget object at 0xa84459b8>
DEBUG:PyQt5.uic.properties:setting property enabled
DEBUG:PyQt5.uic.properties:setting property sizePolicy
DEBUG:PyQt5.uic.properties:setting property minimumSize
DEBUG:PyQt5.uic.properties:setting property baseSize
DEBUG:PyQt5.uic.uiparser:push QLineEdit lineEditRIG2
DEBUG:PyQt5.uic.uiparser:pop widget QLineEdit lineEditRIG2
DEBUG:PyQt5.uic.uiparser:new topwidget <PyQt5.QtWidgets.QWidget object at 0xa84459b8>
DEBUG:PyQt5.uic.properties:setting property enabled
DEBUG:PyQt5.uic.properties:setting property sizePolicy
DEBUG:PyQt5.uic.properties:setting property minimumSize
DEBUG:PyQt5.uic.properties:setting property baseSize
DEBUG:PyQt5.uic.uiparser:push QLineEdit lineEditQRG1
DEBUG:PyQt5.uic.uiparser:pop widget QLineEdit lineEditQRG1
DEBUG:PyQt5.uic.uiparser:new topwidget <PyQt5.QtWidgets.QWidget object at 0xa84459b8>
DEBUG:PyQt5.uic.properties:setting property enabled
DEBUG:PyQt5.uic.properties:setting property text
DEBUG:PyQt5.uic.uiparser:push QCheckBox checkBox
DEBUG:PyQt5.uic.uiparser:pop widget QCheckBox checkBox
DEBUG:PyQt5.uic.uiparser:new topwidget <PyQt5.QtWidgets.QWidget object at 0xa84459b8>
DEBUG:PyQt5.uic.properties:setting property text
DEBUG:PyQt5.uic.uiparser:push QCheckBox checkBoxAlertTone
DEBUG:PyQt5.uic.uiparser:pop widget QCheckBox checkBoxAlertTone
DEBUG:PyQt5.uic.uiparser:new topwidget <PyQt5.QtWidgets.QWidget object at 0xa84459b8>
DEBUG:PyQt5.uic.properties:setting property enabled
DEBUG:PyQt5.uic.properties:setting property sizePolicy
DEBUG:PyQt5.uic.properties:setting property minimumSize
DEBUG:PyQt5.uic.properties:setting property baseSize
DEBUG:PyQt5.uic.uiparser:push QLineEdit lineEditDapnetRIC
DEBUG:PyQt5.uic.uiparser:pop widget QLineEdit lineEditDapnetRIC
DEBUG:PyQt5.uic.uiparser:new topwidget <PyQt5.QtWidgets.QWidget object at 0xa84459b8>
DEBUG:PyQt5.uic.properties:setting property enabled
DEBUG:PyQt5.uic.properties:setting property sizePolicy
DEBUG:PyQt5.uic.properties:setting property minimumSize
DEBUG:PyQt5.uic.properties:setting property baseSize
DEBUG:PyQt5.uic.uiparser:push QLineEdit lineEditDapnetPath
DEBUG:PyQt5.uic.uiparser:pop widget QLineEdit lineEditDapnetPath
DEBUG:PyQt5.uic.uiparser:new topwidget <PyQt5.QtWidgets.QWidget object at 0xa84459b8>
DEBUG:PyQt5.uic.properties:setting property sizePolicy
DEBUG:PyQt5.uic.properties:setting property minimumSize
DEBUG:PyQt5.uic.properties:setting property baseSize
DEBUG:PyQt5.uic.uiparser:push QLineEdit lineEditServerIP
DEBUG:PyQt5.uic.uiparser:pop widget QLineEdit lineEditServerIP
DEBUG:PyQt5.uic.uiparser:new topwidget <PyQt5.QtWidgets.QWidget object at 0xa84459b8>
DEBUG:PyQt5.uic.properties:setting property enabled
DEBUG:PyQt5.uic.properties:setting property sizePolicy
DEBUG:PyQt5.uic.properties:setting property minimumSize
DEBUG:PyQt5.uic.properties:setting property baseSize
DEBUG:PyQt5.uic.uiparser:push QLineEdit lineEditMubleIP
DEBUG:PyQt5.uic.uiparser:pop widget QLineEdit lineEditMubleIP
DEBUG:PyQt5.uic.uiparser:new topwidget <PyQt5.QtWidgets.QWidget object at 0xa84459b8>
DEBUG:PyQt5.uic.properties:setting property enabled
DEBUG:PyQt5.uic.properties:setting property sizePolicy
DEBUG:PyQt5.uic.properties:setting property minimumSize
DEBUG:PyQt5.uic.properties:setting property baseSize
DEBUG:PyQt5.uic.uiparser:push QLineEdit lineEditTeamTalk
DEBUG:PyQt5.uic.uiparser:pop widget QLineEdit lineEditTeamTalk
DEBUG:PyQt5.uic.uiparser:new topwidget <PyQt5.QtWidgets.QWidget object at 0xa84459b8>
DEBUG:PyQt5.uic.properties:setting property enabled
DEBUG:PyQt5.uic.properties:setting property sizePolicy
DEBUG:PyQt5.uic.properties:setting property minimumSize
DEBUG:PyQt5.uic.properties:setting property baseSize
DEBUG:PyQt5.uic.uiparser:push QLineEdit lineEditRIG3
DEBUG:PyQt5.uic.uiparser:pop widget QLineEdit lineEditRIG3
DEBUG:PyQt5.uic.uiparser:new topwidget <PyQt5.QtWidgets.QWidget object at 0xa84459b8>
DEBUG:PyQt5.uic.properties:setting property enabled
DEBUG:PyQt5.uic.properties:setting property sizePolicy
DEBUG:PyQt5.uic.properties:setting property minimumSize
DEBUG:PyQt5.uic.properties:setting property baseSize
DEBUG:PyQt5.uic.uiparser:push QLineEdit lineEditQRG2
DEBUG:PyQt5.uic.uiparser:pop widget QLineEdit lineEditQRG2
DEBUG:PyQt5.uic.uiparser:new topwidget <PyQt5.QtWidgets.QWidget object at 0xa84459b8>
DEBUG:PyQt5.uic.properties:setting property enabled
DEBUG:PyQt5.uic.properties:setting property sizePolicy
DEBUG:PyQt5.uic.properties:setting property minimumSize
DEBUG:PyQt5.uic.properties:setting property baseSize
DEBUG:PyQt5.uic.uiparser:push QLineEdit lineEditQRG3
DEBUG:PyQt5.uic.uiparser:pop widget QLineEdit lineEditQRG3
DEBUG:PyQt5.uic.uiparser:new topwidget <PyQt5.QtWidgets.QWidget object at 0xa84459b8>
DEBUG:PyQt5.uic.properties:setting property text
DEBUG:PyQt5.uic.uiparser:push QLabel label_19
DEBUG:PyQt5.uic.uiparser:pop widget QLabel label_19
DEBUG:PyQt5.uic.uiparser:new topwidget <PyQt5.QtWidgets.QWidget object at 0xa84459b8>
DEBUG:PyQt5.uic.properties:setting property sizePolicy
DEBUG:PyQt5.uic.properties:setting property minimumSize
DEBUG:PyQt5.uic.properties:setting property baseSize
DEBUG:PyQt5.uic.uiparser:push QLineEdit lineEditHamnetIP
DEBUG:PyQt5.uic.uiparser:pop widget QLineEdit lineEditHamnetIP
DEBUG:PyQt5.uic.uiparser:new topwidget <PyQt5.QtWidgets.QWidget object at 0xa84459b8>
DEBUG:PyQt5.uic.properties:setting property text
DEBUG:PyQt5.uic.uiparser:push QLabel label_20
DEBUG:PyQt5.uic.uiparser:pop widget QLabel label_20
DEBUG:PyQt5.uic.uiparser:new topwidget <PyQt5.QtWidgets.QWidget object at 0xa84459b8>
DEBUG:PyQt5.uic.properties:setting property sizePolicy
DEBUG:PyQt5.uic.properties:setting property minimumSize
DEBUG:PyQt5.uic.properties:setting property maximumSize
DEBUG:PyQt5.uic.properties:setting property baseSize
DEBUG:PyQt5.uic.uiparser:push QComboBox comboBoxGuiStyle
DEBUG:PyQt5.uic.uiparser:pop widget QComboBox comboBoxGuiStyle
DEBUG:PyQt5.uic.uiparser:new topwidget <PyQt5.QtWidgets.QWidget object at 0xa84459b8>
DEBUG:PyQt5.uic.properties:setting property text
DEBUG:PyQt5.uic.uiparser:push QLabel label_33
DEBUG:PyQt5.uic.uiparser:pop widget QLabel label_33
DEBUG:PyQt5.uic.uiparser:new topwidget <PyQt5.QtWidgets.QWidget object at 0xa84459b8>
DEBUG:PyQt5.uic.properties:setting property text
DEBUG:PyQt5.uic.uiparser:push QLabel label_34
DEBUG:PyQt5.uic.uiparser:pop widget QLabel label_34
DEBUG:PyQt5.uic.uiparser:new topwidget <PyQt5.QtWidgets.QWidget object at 0xa84459b8>
DEBUG:PyQt5.uic.properties:setting property text
DEBUG:PyQt5.uic.uiparser:push QLabel labelAppPath
DEBUG:PyQt5.uic.uiparser:pop widget QLabel labelAppPath
DEBUG:PyQt5.uic.uiparser:new topwidget <PyQt5.QtWidgets.QWidget object at 0xa84459b8>
DEBUG:PyQt5.uic.properties:setting property text
DEBUG:PyQt5.uic.uiparser:push QLabel labelAppDataPath
DEBUG:PyQt5.uic.uiparser:pop widget QLabel labelAppDataPath
DEBUG:PyQt5.uic.uiparser:new topwidget <PyQt5.QtWidgets.QWidget object at 0xa84459b8>
DEBUG:PyQt5.uic.properties:setting property text
DEBUG:PyQt5.uic.uiparser:push QLabel labelLogPath
DEBUG:PyQt5.uic.uiparser:pop widget QLabel labelLogPath
DEBUG:PyQt5.uic.uiparser:new topwidget <PyQt5.QtWidgets.QWidget object at 0xa84459b8>
DEBUG:PyQt5.uic.properties:setting property text
DEBUG:PyQt5.uic.uiparser:push QPushButton pushButtonTone
DEBUG:PyQt5.uic.uiparser:pop widget QPushButton pushButtonTone
DEBUG:PyQt5.uic.uiparser:new topwidget <PyQt5.QtWidgets.QWidget object at 0xa84459b8>
DEBUG:PyQt5.uic.uiparser:pop layout QFormLayout formLayout_2
DEBUG:PyQt5.uic.properties:setting property baseSize
DEBUG:PyQt5.uic.properties:setting property font
DEBUG:PyQt5.uic.properties:setting property text
DEBUG:PyQt5.uic.uiparser:push QLabel labelSaveState
DEBUG:PyQt5.uic.uiparser:pop widget QLabel labelSaveState
DEBUG:PyQt5.uic.uiparser:new topwidget <PyQt5.QtWidgets.QWidget object at 0xa84459b8>
DEBUG:PyQt5.uic.properties:setting property frameShape
DEBUG:PyQt5.uic.properties:setting property frameShadow
DEBUG:PyQt5.uic.uiparser:push QFrame frame_2
DEBUG:PyQt5.uic.uiparser:push QHBoxLayout horizontalLayout
DEBUG:PyQt5.uic.properties:setting property text
DEBUG:PyQt5.uic.uiparser:push QPushButton pushButtonSave
DEBUG:PyQt5.uic.uiparser:pop widget QPushButton pushButtonSave
DEBUG:PyQt5.uic.uiparser:new topwidget <PyQt5.QtWidgets.QFrame object at 0xa844d7c0>
DEBUG:PyQt5.uic.uiparser:pop layout QHBoxLayout horizontalLayout
DEBUG:PyQt5.uic.uiparser:pop widget QFrame frame_2
DEBUG:PyQt5.uic.uiparser:new topwidget <PyQt5.QtWidgets.QWidget object at 0xa84459b8>
DEBUG:PyQt5.uic.uiparser:pop layout QVBoxLayout verticalLayout_11
DEBUG:PyQt5.uic.uiparser:pop widget QWidget tabSetup
DEBUG:PyQt5.uic.uiparser:new topwidget <PyQt5.QtWidgets.QTabWidget object at 0xa849e2b0>
DEBUG:PyQt5.uic.uiparser:push QWidget tabAbout
DEBUG:PyQt5.uic.properties:setting property geometry
DEBUG:PyQt5.uic.properties:setting property font
DEBUG:PyQt5.uic.properties:setting property text
DEBUG:PyQt5.uic.uiparser:push QLabel labelVersion
DEBUG:PyQt5.uic.uiparser:pop widget QLabel labelVersion
DEBUG:PyQt5.uic.uiparser:new topwidget <PyQt5.QtWidgets.QWidget object at 0xa844d928>
DEBUG:PyQt5.uic.properties:setting property geometry
DEBUG:PyQt5.uic.properties:setting property text
DEBUG:PyQt5.uic.properties:setting property pixmap
DEBUG:PyQt5.uic.uiparser:push QLabel labelRaute
DEBUG:PyQt5.uic.uiparser:pop widget QLabel labelRaute
DEBUG:PyQt5.uic.uiparser:new topwidget <PyQt5.QtWidgets.QWidget object at 0xa844d928>
DEBUG:PyQt5.uic.properties:setting property geometry
DEBUG:PyQt5.uic.properties:setting property font
DEBUG:PyQt5.uic.properties:setting property text
DEBUG:PyQt5.uic.uiparser:push QLabel label_22
DEBUG:PyQt5.uic.uiparser:pop widget QLabel label_22
DEBUG:PyQt5.uic.uiparser:new topwidget <PyQt5.QtWidgets.QWidget object at 0xa844d928>
DEBUG:PyQt5.uic.properties:setting property geometry
DEBUG:PyQt5.uic.properties:setting property font
DEBUG:PyQt5.uic.properties:setting property text
DEBUG:PyQt5.uic.uiparser:push QLabel label_23
DEBUG:PyQt5.uic.uiparser:pop widget QLabel label_23
DEBUG:PyQt5.uic.uiparser:new topwidget <PyQt5.QtWidgets.QWidget object at 0xa844d928>
DEBUG:PyQt5.uic.properties:setting property geometry
DEBUG:PyQt5.uic.properties:setting property font
DEBUG:PyQt5.uic.properties:setting property text
DEBUG:PyQt5.uic.uiparser:push QLabel label_24
DEBUG:PyQt5.uic.uiparser:pop widget QLabel label_24
DEBUG:PyQt5.uic.uiparser:new topwidget <PyQt5.QtWidgets.QWidget object at 0xa844d928>
DEBUG:PyQt5.uic.properties:setting property geometry
DEBUG:PyQt5.uic.properties:setting property font
DEBUG:PyQt5.uic.properties:setting property text
DEBUG:PyQt5.uic.uiparser:push QLabel label_25
DEBUG:PyQt5.uic.uiparser:pop widget QLabel label_25
DEBUG:PyQt5.uic.uiparser:new topwidget <PyQt5.QtWidgets.QWidget object at 0xa844d928>
DEBUG:PyQt5.uic.properties:setting property geometry
DEBUG:PyQt5.uic.properties:setting property font
DEBUG:PyQt5.uic.properties:setting property text
DEBUG:PyQt5.uic.uiparser:push QLabel label_26
DEBUG:PyQt5.uic.uiparser:pop widget QLabel label_26
DEBUG:PyQt5.uic.uiparser:new topwidget <PyQt5.QtWidgets.QWidget object at 0xa844d928>
DEBUG:PyQt5.uic.properties:setting property geometry
DEBUG:PyQt5.uic.properties:setting property font
DEBUG:PyQt5.uic.properties:setting property text
DEBUG:PyQt5.uic.uiparser:push QLabel label_27
DEBUG:PyQt5.uic.uiparser:pop widget QLabel label_27
DEBUG:PyQt5.uic.uiparser:new topwidget <PyQt5.QtWidgets.QWidget object at 0xa844d928>
DEBUG:PyQt5.uic.properties:setting property geometry
DEBUG:PyQt5.uic.properties:setting property font
DEBUG:PyQt5.uic.properties:setting property text
DEBUG:PyQt5.uic.properties:setting property textFormat
DEBUG:PyQt5.uic.properties:setting property openExternalLinks
DEBUG:PyQt5.uic.uiparser:push QLabel label_30
DEBUG:PyQt5.uic.uiparser:pop widget QLabel label_30
DEBUG:PyQt5.uic.uiparser:new topwidget <PyQt5.QtWidgets.QWidget object at 0xa844d928>
DEBUG:PyQt5.uic.properties:setting property geometry
DEBUG:PyQt5.uic.properties:setting property font
DEBUG:PyQt5.uic.properties:setting property text
DEBUG:PyQt5.uic.uiparser:push QLabel label_31
DEBUG:PyQt5.uic.uiparser:pop widget QLabel label_31
DEBUG:PyQt5.uic.uiparser:new topwidget <PyQt5.QtWidgets.QWidget object at 0xa844d928>
DEBUG:PyQt5.uic.properties:setting property geometry
DEBUG:PyQt5.uic.properties:setting property font
DEBUG:PyQt5.uic.properties:setting property text
DEBUG:PyQt5.uic.properties:setting property openExternalLinks
DEBUG:PyQt5.uic.uiparser:push QLabel label_28
DEBUG:PyQt5.uic.uiparser:pop widget QLabel label_28
DEBUG:PyQt5.uic.uiparser:new topwidget <PyQt5.QtWidgets.QWidget object at 0xa844d928>
DEBUG:PyQt5.uic.properties:setting property geometry
DEBUG:PyQt5.uic.properties:setting property font
DEBUG:PyQt5.uic.properties:setting property text
DEBUG:PyQt5.uic.properties:setting property openExternalLinks
DEBUG:PyQt5.uic.uiparser:push QLabel label_29
DEBUG:PyQt5.uic.uiparser:pop widget QLabel label_29
DEBUG:PyQt5.uic.uiparser:new topwidget <PyQt5.QtWidgets.QWidget object at 0xa844d928>
DEBUG:PyQt5.uic.properties:setting property geometry
DEBUG:PyQt5.uic.properties:setting property font
DEBUG:PyQt5.uic.properties:setting property text
DEBUG:PyQt5.uic.uiparser:push QLabel label_32
DEBUG:PyQt5.uic.uiparser:pop widget QLabel label_32
DEBUG:PyQt5.uic.uiparser:new topwidget <PyQt5.QtWidgets.QWidget object at 0xa844d928>
DEBUG:PyQt5.uic.properties:setting property geometry
DEBUG:PyQt5.uic.properties:setting property font
DEBUG:PyQt5.uic.properties:setting property text
DEBUG:PyQt5.uic.properties:setting property openExternalLinks
DEBUG:PyQt5.uic.uiparser:push QLabel label_21
DEBUG:PyQt5.uic.uiparser:pop widget QLabel label_21
DEBUG:PyQt5.uic.uiparser:new topwidget <PyQt5.QtWidgets.QWidget object at 0xa844d928>
DEBUG:PyQt5.uic.uiparser:pop widget QWidget tabAbout
DEBUG:PyQt5.uic.uiparser:new topwidget <PyQt5.QtWidgets.QTabWidget object at 0xa849e2b0>
DEBUG:PyQt5.uic.uiparser:pop widget QTabWidget tabWidget
DEBUG:PyQt5.uic.uiparser:new topwidget <PyQt5.QtWidgets.QWidget object at 0xb0e9ec88>
DEBUG:PyQt5.uic.uiparser:pop layout QVBoxLayout verticalLayout
DEBUG:PyQt5.uic.uiparser:pop widget QWidget centralwidget
DEBUG:PyQt5.uic.uiparser:new topwidget <PyQt5.QtWidgets.QMainWindow object at 0xb0e9e538>
DEBUG:PyQt5.uic.properties:setting property geometry
DEBUG:PyQt5.uic.uiparser:push QMenuBar menubar
DEBUG:PyQt5.uic.uiparser:pop widget QMenuBar menubar
DEBUG:PyQt5.uic.uiparser:new topwidget <PyQt5.QtWidgets.QMainWindow object at 0xb0e9e538>
DEBUG:PyQt5.uic.uiparser:push QStatusBar statusbar
DEBUG:PyQt5.uic.uiparser:pop widget QStatusBar statusbar
DEBUG:PyQt5.uic.uiparser:new topwidget <PyQt5.QtWidgets.QMainWindow object at 0xb0e9e538>
DEBUG:PyQt5.uic.uiparser:pop widget QMainWindow MainWindow
DEBUG:PyQt5.uic.uiparser:new topwidget None
DEBUG:qdarkstyle:Reading QSS file in: :qdarkstyle/dark/style.qss
INFO:qdarkstyle:QSS file sucessfuly loaded.
DEBUG:qdarkstyle:Checking patches for being applied.
INFO:qdarkstyle:Found version patches to be applied.
INFO:qdarkstyle:Found application patches to be applied.
DEBUG:PyQt5.uic.uiparser:uiname is Dialog
DEBUG:PyQt5.uic.uiparser:toplevel widget is QDialog
DEBUG:PyQt5.uic.properties:setting property geometry
DEBUG:PyQt5.uic.properties:setting property windowTitle
DEBUG:PyQt5.uic.uiparser:push QDialog Dialog
DEBUG:PyQt5.uic.uiparser:push QVBoxLayout verticalLayout
DEBUG:PyQt5.uic.uiparser:push QFormLayout formLayout
DEBUG:PyQt5.uic.properties:setting property text
DEBUG:PyQt5.uic.uiparser:push QLabel label
DEBUG:PyQt5.uic.uiparser:pop widget QLabel label
DEBUG:PyQt5.uic.uiparser:new topwidget <PyQt5.QtWidgets.QDialog object at 0xa84834f0>
DEBUG:PyQt5.uic.uiparser:push QLineEdit lineEditGroupDesc
DEBUG:PyQt5.uic.uiparser:pop widget QLineEdit lineEditGroupDesc
DEBUG:PyQt5.uic.uiparser:new topwidget <PyQt5.QtWidgets.QDialog object at 0xa84834f0>
DEBUG:PyQt5.uic.properties:setting property text
DEBUG:PyQt5.uic.uiparser:push QLabel label_2
DEBUG:PyQt5.uic.uiparser:pop widget QLabel label_2
DEBUG:PyQt5.uic.uiparser:new topwidget <PyQt5.QtWidgets.QDialog object at 0xa84834f0>
DEBUG:PyQt5.uic.uiparser:push QLineEdit lineEditGroupID
DEBUG:PyQt5.uic.uiparser:pop widget QLineEdit lineEditGroupID
DEBUG:PyQt5.uic.uiparser:new topwidget <PyQt5.QtWidgets.QDialog object at 0xa84834f0>
DEBUG:PyQt5.uic.uiparser:pop layout QFormLayout formLayout
DEBUG:PyQt5.uic.properties:setting property orientation
DEBUG:PyQt5.uic.properties:setting property standardButtons
DEBUG:PyQt5.uic.uiparser:push QDialogButtonBox buttonBox
DEBUG:PyQt5.uic.uiparser:pop widget QDialogButtonBox buttonBox
DEBUG:PyQt5.uic.uiparser:new topwidget <PyQt5.QtWidgets.QDialog object at 0xa84834f0>
DEBUG:PyQt5.uic.uiparser:pop layout QVBoxLayout verticalLayout
DEBUG:PyQt5.uic.uiparser:pop widget QDialog Dialog
DEBUG:PyQt5.uic.uiparser:new topwidget None
DEBUG:qdarkstyle:Reading QSS file in: :qdarkstyle/light/style.qss
INFO:qdarkstyle:QSS file sucessfuly loaded.
DEBUG:qdarkstyle:Checking patches for being applied.
INFO:qdarkstyle:Found version patches to be applied.
INFO:qdarkstyle:Found application patches to be applied.
DEBUG:qdarkstyle:Reading QSS file in: :qdarkstyle/dark/style.qss
INFO:qdarkstyle:QSS file sucessfuly loaded.
DEBUG:qdarkstyle:Checking patches for being applied.
INFO:qdarkstyle:Found version patches to be applied.
INFO:qdarkstyle:Found application patches to be applied.
